[INFO] Scanning for projects...
[WARNING] 
[WARNING] Some problems were encountered while building the effective model for com.myorg:course:war:1.0-SNAPSHOT
[WARNING] 'dependencies.dependency.(groupId:artifactId:type:classifier)' must be unique: org.springframework.boot:spring-boot-starter-test:jar -> version (?) vs 2.0.4.RELEASE @ line 69, column 21
[WARNING] 
[WARNING] It is highly recommended to fix these problems because they threaten the stability of your build.
[WARNING] 
[WARNING] For this reason, future Maven versions might no longer support building such malformed projects.
[WARNING] 
[INFO] 
[INFO] --------------------------< com.myorg:course >--------------------------
[INFO] Building course 1.0-SNAPSHOT
[INFO] --------------------------------[ war ]---------------------------------
[INFO] 
[INFO] --- maven-clean-plugin:3.0.0:clean (default-clean) @ course ---
[INFO] Deleting /Users/s0s01ts/Downloads/IDEAWorkspace/course/target
[INFO] 
[INFO] --- maven-resources-plugin:3.0.1:resources (default-resources) @ course ---
[INFO] Using 'UTF-8' encoding to copy filtered resources.
[INFO] Copying 2 resources
[INFO] Copying 2 resources
[INFO] 
[INFO] --- maven-compiler-plugin:3.7.0:compile (default-compile) @ course ---
[INFO] Changes detected - recompiling the module!
[INFO] Compiling 12 source files to /Users/s0s01ts/Downloads/IDEAWorkspace/course/target/classes
[INFO] 
[INFO] --- maven-resources-plugin:3.0.1:testResources (default-testResources) @ course ---
[INFO] Using 'UTF-8' encoding to copy filtered resources.
[INFO] skip non existing resourceDirectory /Users/s0s01ts/Downloads/IDEAWorkspace/course/src/test/resources
[INFO] 
[INFO] --- maven-compiler-plugin:3.7.0:testCompile (default-testCompile) @ course ---
[INFO] Changes detected - recompiling the module!
[INFO] Compiling 7 source files to /Users/s0s01ts/Downloads/IDEAWorkspace/course/target/test-classes
[WARNING] /Users/s0s01ts/Downloads/IDEAWorkspace/course/src/test/java/com/myorg/course/controller/CourseControllerTest.java:[8,47] com.sun.org.apache.xerces.internal.util.PropertyState is internal proprietary API and may be removed in a future release
[INFO] 
[INFO] --- maven-surefire-plugin:2.22.0:test (default-test) @ course ---
[INFO] 
[INFO] -------------------------------------------------------
[INFO]  T E S T S
[INFO] -------------------------------------------------------
[INFO] Running com.myorg.course.integration.CourseIntegrationTest
17:51:29.785 [main] DEBUG org.springframework.test.context.junit4.SpringJUnit4ClassRunner - SpringJUnit4ClassRunner constructor called with [class com.myorg.course.integration.CourseIntegrationTest]
17:51:29.793 [main] DEBUG org.springframework.test.context.BootstrapUtils - Instantiating CacheAwareContextLoaderDelegate from class [org.springframework.test.context.cache.DefaultCacheAwareContextLoaderDelegate]
17:51:29.801 [main] DEBUG org.springframework.test.context.BootstrapUtils - Instantiating BootstrapContext using constructor [public org.springframework.test.context.support.DefaultBootstrapContext(java.lang.Class,org.springframework.test.context.CacheAwareContextLoaderDelegate)]
17:51:29.819 [main] DEBUG org.springframework.test.context.BootstrapUtils - Instantiating TestContextBootstrapper for test class [com.myorg.course.integration.CourseIntegrationTest] from class [org.springframework.boot.test.context.SpringBootTestContextBootstrapper]
17:51:29.829 [main] INFO org.springframework.boot.test.context.SpringBootTestContextBootstrapper - Neither @ContextConfiguration nor @ContextHierarchy found for test class [com.myorg.course.integration.CourseIntegrationTest], using SpringBootContextLoader
17:51:29.832 [main] DEBUG org.springframework.test.context.support.AbstractContextLoader - Did not detect default resource location for test class [com.myorg.course.integration.CourseIntegrationTest]: class path resource [com/myorg/course/integration/CourseIntegrationTest-context.xml] does not exist
17:51:29.833 [main] DEBUG org.springframework.test.context.support.AbstractContextLoader - Did not detect default resource location for test class [com.myorg.course.integration.CourseIntegrationTest]: class path resource [com/myorg/course/integration/CourseIntegrationTestContext.groovy] does not exist
17:51:29.833 [main] INFO org.springframework.test.context.support.AbstractContextLoader - Could not detect default resource locations for test class [com.myorg.course.integration.CourseIntegrationTest]: no resource found for suffixes {-context.xml, Context.groovy}.
17:51:30.015 [main] DEBUG org.springframework.boot.test.context.SpringBootTestContextBootstrapper - @TestExecutionListeners is not present for class [com.myorg.course.integration.CourseIntegrationTest]: using defaults.
17:51:30.016 [main] INFO org.springframework.boot.test.context.SpringBootTestContextBootstrapper - Loaded default TestExecutionListener class names from location [META-INF/spring.factories]: [org.springframework.boot.test.mock.mockito.MockitoTestExecutionListener, org.springframework.boot.test.mock.mockito.ResetMocksTestExecutionListener, org.springframework.boot.test.autoconfigure.restdocs.RestDocsTestExecutionListener, org.springframework.boot.test.autoconfigure.web.client.MockRestServiceServerResetTestExecutionListener, org.springframework.boot.test.autoconfigure.web.servlet.MockMvcPrintOnlyOnFailureTestExecutionListener, org.springframework.boot.test.autoconfigure.web.servlet.WebDriverTestExecutionListener, org.springframework.test.context.web.ServletTestExecutionListener, org.springframework.test.context.support.DirtiesContextBeforeModesTestExecutionListener, org.springframework.test.context.support.DependencyInjectionTestExecutionListener, org.springframework.test.context.support.DirtiesContextTestExecutionListener, org.springframework.test.context.transaction.TransactionalTestExecutionListener, org.springframework.test.context.jdbc.SqlScriptsTestExecutionListener]
17:51:30.037 [main] INFO org.springframework.boot.test.context.SpringBootTestContextBootstrapper - Using TestExecutionListeners: [org.springframework.test.context.web.ServletTestExecutionListener@692f203f, org.springframework.test.context.support.DirtiesContextBeforeModesTestExecutionListener@48f2bd5b, org.springframework.boot.test.mock.mockito.MockitoTestExecutionListener@7b2bbc3, org.springframework.boot.test.autoconfigure.SpringBootDependencyInjectionTestExecutionListener@a1153bc, org.springframework.test.context.support.DirtiesContextTestExecutionListener@1aafa419, org.springframework.test.context.transaction.TransactionalTestExecutionListener@47eaca72, org.springframework.test.context.jdbc.SqlScriptsTestExecutionListener@55141def, org.springframework.boot.test.mock.mockito.ResetMocksTestExecutionListener@55182842, org.springframework.boot.test.autoconfigure.restdocs.RestDocsTestExecutionListener@3270d194, org.springframework.boot.test.autoconfigure.web.client.MockRestServiceServerResetTestExecutionListener@235834f2, org.springframework.boot.test.autoconfigure.web.servlet.MockMvcPrintOnlyOnFailureTestExecutionListener@5656be13, org.springframework.boot.test.autoconfigure.web.servlet.WebDriverTestExecutionListener@4218d6a3]
17:51:30.040 [main] DEBUG org.springframework.test.annotation.ProfileValueUtils - Retrieved @ProfileValueSourceConfiguration [null] for test class [com.myorg.course.integration.CourseIntegrationTest]
17:51:30.040 [main] DEBUG org.springframework.test.annotation.ProfileValueUtils - Retrieved ProfileValueSource type [class org.springframework.test.annotation.SystemProfileValueSource] for class [com.myorg.course.integration.CourseIntegrationTest]
17:51:30.042 [main] DEBUG org.springframework.test.annotation.ProfileValueUtils - Retrieved @ProfileValueSourceConfiguration [null] for test class [com.myorg.course.integration.CourseIntegrationTest]
17:51:30.042 [main] DEBUG org.springframework.test.annotation.ProfileValueUtils - Retrieved ProfileValueSource type [class org.springframework.test.annotation.SystemProfileValueSource] for class [com.myorg.course.integration.CourseIntegrationTest]
17:51:30.042 [main] DEBUG org.springframework.test.annotation.ProfileValueUtils - Retrieved @ProfileValueSourceConfiguration [null] for test class [com.myorg.course.integration.CourseIntegrationTest]
17:51:30.042 [main] DEBUG org.springframework.test.annotation.ProfileValueUtils - Retrieved ProfileValueSource type [class org.springframework.test.annotation.SystemProfileValueSource] for class [com.myorg.course.integration.CourseIntegrationTest]
17:51:30.047 [main] DEBUG org.springframework.test.context.support.AbstractDirtiesContextTestExecutionListener - Before test class: context [DefaultTestContext@28701274 testClass = CourseIntegrationTest, testInstance = [null], testMethod = [null], testException = [null], mergedContextConfiguration = [WebMergedContextConfiguration@13c9d689 testClass = CourseIntegrationTest, locations = '{}', classes = '{class com.myorg.course.ApplicationRunner, class com.myorg.course.ApplicationRunner}', contextInitializerClasses = '[]', activeProfiles = '{test}', propertySourceLocations = '{}', propertySourceProperties = '{org.springframework.boot.test.context.SpringBootTestContextBootstrapper=true, server.port=0}', contextCustomizers = set[org.springframework.boot.test.context.filter.ExcludeFilterContextCustomizer@587c290d, org.springframework.boot.test.json.DuplicateJsonObjectContextCustomizerFactory$DuplicateJsonObjectContextCustomizer@543788f3, org.springframework.boot.test.mock.mockito.MockitoContextCustomizer@0, org.springframework.boot.test.web.client.TestRestTemplateContextCustomizer@43d7741f, org.springframework.boot.test.autoconfigure.properties.PropertyMappingContextCustomizer@0, org.springframework.boot.test.autoconfigure.web.servlet.WebDriverContextCustomizerFactory$Customizer@2bea5ab4], resourceBasePath = 'src/main/webapp', contextLoader = 'org.springframework.boot.test.context.SpringBootContextLoader', parent = [null]], attributes = map['org.springframework.test.context.web.ServletTestExecutionListener.activateListener' -> false]], class annotated with @DirtiesContext [false] with mode [null].
17:51:30.048 [main] DEBUG org.springframework.test.annotation.ProfileValueUtils - Retrieved @ProfileValueSourceConfiguration [null] for test class [com.myorg.course.integration.CourseIntegrationTest]
17:51:30.048 [main] DEBUG org.springframework.test.annotation.ProfileValueUtils - Retrieved ProfileValueSource type [class org.springframework.test.annotation.SystemProfileValueSource] for class [com.myorg.course.integration.CourseIntegrationTest]
17:51:30.054 [main] DEBUG org.springframework.test.context.support.DependencyInjectionTestExecutionListener - Performing dependency injection for test context [[DefaultTestContext@28701274 testClass = CourseIntegrationTest, testInstance = com.myorg.course.integration.CourseIntegrationTest@6a6cb05c, testMethod = [null], testException = [null], mergedContextConfiguration = [WebMergedContextConfiguration@13c9d689 testClass = CourseIntegrationTest, locations = '{}', classes = '{class com.myorg.course.ApplicationRunner, class com.myorg.course.ApplicationRunner}', contextInitializerClasses = '[]', activeProfiles = '{test}', propertySourceLocations = '{}', propertySourceProperties = '{org.springframework.boot.test.context.SpringBootTestContextBootstrapper=true, server.port=0}', contextCustomizers = set[org.springframework.boot.test.context.filter.ExcludeFilterContextCustomizer@587c290d, org.springframework.boot.test.json.DuplicateJsonObjectContextCustomizerFactory$DuplicateJsonObjectContextCustomizer@543788f3, org.springframework.boot.test.mock.mockito.MockitoContextCustomizer@0, org.springframework.boot.test.web.client.TestRestTemplateContextCustomizer@43d7741f, org.springframework.boot.test.autoconfigure.properties.PropertyMappingContextCustomizer@0, org.springframework.boot.test.autoconfigure.web.servlet.WebDriverContextCustomizerFactory$Customizer@2bea5ab4], resourceBasePath = 'src/main/webapp', contextLoader = 'org.springframework.boot.test.context.SpringBootContextLoader', parent = [null]], attributes = map['org.springframework.test.context.web.ServletTestExecutionListener.activateListener' -> false]]].
17:51:30.080 [main] DEBUG org.springframework.core.env.StandardEnvironment - Adding PropertySource 'systemProperties' with lowest search precedence
17:51:30.081 [main] DEBUG org.springframework.core.env.StandardEnvironment - Adding PropertySource 'systemEnvironment' with lowest search precedence
17:51:30.082 [main] DEBUG org.springframework.core.env.StandardEnvironment - Initialized StandardEnvironment with PropertySources [MapPropertySource@2012330741 {name='systemProperties', properties={java.runtime.name=Java(TM) SE Runtime Environment, sun.boot.library.path=/Library/Java/JavaVirtualMachines/jdk1.8.0_162.jdk/Contents/Home/jre/lib, java.vm.version=25.162-b12, gopherProxySet=false, java.vm.vendor=Oracle Corporation, java.vendor.url=http://java.oracle.com/, path.separator=:, java.vm.name=Java HotSpot(TM) 64-Bit Server VM, file.encoding.pkg=sun.io, user.country=US, sun.java.launcher=SUN_STANDARD, sun.os.patch.level=unknown, java.vm.specification.name=Java Virtual Machine Specification, user.dir=/Users/s0s01ts/Downloads/IDEAWorkspace/course, java.runtime.version=1.8.0_162-b12, basedir=/Users/s0s01ts/Downloads/IDEAWorkspace/course, java.awt.graphicsenv=sun.awt.CGraphicsEnvironment, java.endorsed.dirs=/Library/Java/JavaVirtualMachines/jdk1.8.0_162.jdk/Contents/Home/jre/lib/endorsed, os.arch=x86_64, surefire.real.class.path=/Users/s0s01ts/Downloads/IDEAWorkspace/course/target/surefire/surefirebooter7720849216209390352.jar, java.io.tmpdir=/var/folders/70/gkbk1sd10q3_qg6y2tzzkstcw1y9f8/T/, line.separator=
, java.vm.specification.vendor=Oracle Corporation, os.name=Mac OS X, sun.jnu.encoding=UTF-8, java.library.path=/Users/s0s01ts/Library/Java/Extensions:/Library/Java/Extensions:/Network/Library/Java/Extensions:/System/Library/Java/Extensions:/usr/lib/java:., surefire.test.class.path=/Users/s0s01ts/Downloads/IDEAWorkspace/course/target/test-classes:/Users/s0s01ts/Downloads/IDEAWorkspace/course/target/classes:/Users/s0s01ts/.m2/repository/org/springframework/boot/spring-boot-starter-data-jpa/2.0.1.RELEASE/spring-boot-starter-data-jpa-2.0.1.RELEASE.jar:/Users/s0s01ts/.m2/repository/org/springframework/boot/spring-boot-starter/2.0.1.RELEASE/spring-boot-starter-2.0.1.RELEASE.jar:/Users/s0s01ts/.m2/repository/org/springframework/boot/spring-boot/2.0.1.RELEASE/spring-boot-2.0.1.RELEASE.jar:/Users/s0s01ts/.m2/repository/org/springframework/boot/spring-boot-autoconfigure/2.0.1.RELEASE/spring-boot-autoconfigure-2.0.1.RELEASE.jar:/Users/s0s01ts/.m2/repository/org/springframework/boot/spring-boot-starter-logging/2.0.1.RELEASE/spring-boot-starter-logging-2.0.1.RELEASE.jar:/Users/s0s01ts/.m2/repository/ch/qos/logback/logback-classic/1.2.3/logback-classic-1.2.3.jar:/Users/s0s01ts/.m2/repository/ch/qos/logback/logback-core/1.2.3/logback-core-1.2.3.jar:/Users/s0s01ts/.m2/repository/org/apache/logging/log4j/log4j-to-slf4j/2.10.0/log4j-to-slf4j-2.10.0.jar:/Users/s0s01ts/.m2/repository/org/apache/logging/log4j/log4j-api/2.10.0/log4j-api-2.10.0.jar:/Users/s0s01ts/.m2/repository/org/slf4j/jul-to-slf4j/1.7.25/jul-to-slf4j-1.7.25.jar:/Users/s0s01ts/.m2/repository/javax/annotation/javax.annotation-api/1.3.2/javax.annotation-api-1.3.2.jar:/Users/s0s01ts/.m2/repository/org/yaml/snakeyaml/1.19/snakeyaml-1.19.jar:/Users/s0s01ts/.m2/repository/org/springframework/boot/spring-boot-starter-aop/2.0.1.RELEASE/spring-boot-starter-aop-2.0.1.RELEASE.jar:/Users/s0s01ts/.m2/repository/org/aspectj/aspectjweaver/1.8.13/aspectjweaver-1.8.13.jar:/Users/s0s01ts/.m2/repository/org/springframework/boot/spring-boot-starter-jdbc/2.0.1.RELEASE/spring-boot-starter-jdbc-2.0.1.RELEASE.jar:/Users/s0s01ts/.m2/repository/com/zaxxer/HikariCP/2.7.8/HikariCP-2.7.8.jar:/Users/s0s01ts/.m2/repository/org/springframework/spring-jdbc/5.0.5.RELEASE/spring-jdbc-5.0.5.RELEASE.jar:/Users/s0s01ts/.m2/repository/org/hibernate/hibernate-core/5.2.16.Final/hibernate-core-5.2.16.Final.jar:/Users/s0s01ts/.m2/repository/org/jboss/logging/jboss-logging/3.3.2.Final/jboss-logging-3.3.2.Final.jar:/Users/s0s01ts/.m2/repository/org/hibernate/javax/persistence/hibernate-jpa-2.1-api/1.0.0.Final/hibernate-jpa-2.1-api-1.0.0.Final.jar:/Users/s0s01ts/.m2/repository/org/javassist/javassist/3.22.0-GA/javassist-3.22.0-GA.jar:/Users/s0s01ts/.m2/repository/antlr/antlr/2.7.7/antlr-2.7.7.jar:/Users/s0s01ts/.m2/repository/org/jboss/jandex/2.0.3.Final/jandex-2.0.3.Final.jar:/Users/s0s01ts/.m2/repository/dom4j/dom4j/1.6.1/dom4j-1.6.1.jar:/Users/s0s01ts/.m2/repository/org/hibernate/common/hibernate-commons-annotations/5.0.1.Final/hibernate-commons-annotations-5.0.1.Final.jar:/Users/s0s01ts/.m2/repository/javax/transaction/javax.transaction-api/1.2/javax.transaction-api-1.2.jar:/Users/s0s01ts/.m2/repository/org/springframework/spring-aspects/5.0.5.RELEASE/spring-aspects-5.0.5.RELEASE.jar:/Users/s0s01ts/.m2/repository/org/springframework/boot/spring-boot-starter-web/2.0.1.RELEASE/spring-boot-starter-web-2.0.1.RELEASE.jar:/Users/s0s01ts/.m2/repository/org/springframework/boot/spring-boot-starter-json/2.0.1.RELEASE/spring-boot-starter-json-2.0.1.RELEASE.jar:/Users/s0s01ts/.m2/repository/com/fasterxml/jackson/core/jackson-databind/2.9.5/jackson-databind-2.9.5.jar:/Users/s0s01ts/.m2/repository/com/fasterxml/jackson/core/jackson-core/2.9.5/jackson-core-2.9.5.jar:/Users/s0s01ts/.m2/repository/com/fasterxml/jackson/datatype/jackson-datatype-jdk8/2.9.5/jackson-datatype-jdk8-2.9.5.jar:/Users/s0s01ts/.m2/repository/com/fasterxml/jackson/datatype/jackson-datatype-jsr310/2.9.5/jackson-datatype-jsr310-2.9.5.jar:/Users/s0s01ts/.m2/repository/com/fasterxml/jackson/module/jackson-module-parameter-names/2.9.5/jackson-module-parameter-names-2.9.5.jar:/Users/s0s01ts/.m2/repository/org/springframework/boot/spring-boot-starter-tomcat/2.0.1.RELEASE/spring-boot-starter-tomcat-2.0.1.RELEASE.jar:/Users/s0s01ts/.m2/repository/org/apache/tomcat/embed/tomcat-embed-core/8.5.29/tomcat-embed-core-8.5.29.jar:/Users/s0s01ts/.m2/repository/org/apache/tomcat/embed/tomcat-embed-el/8.5.29/tomcat-embed-el-8.5.29.jar:/Users/s0s01ts/.m2/repository/org/apache/tomcat/embed/tomcat-embed-websocket/8.5.29/tomcat-embed-websocket-8.5.29.jar:/Users/s0s01ts/.m2/repository/org/hibernate/validator/hibernate-validator/6.0.9.Final/hibernate-validator-6.0.9.Final.jar:/Users/s0s01ts/.m2/repository/javax/validation/validation-api/2.0.1.Final/validation-api-2.0.1.Final.jar:/Users/s0s01ts/.m2/repository/org/springframework/spring-web/5.0.5.RELEASE/spring-web-5.0.5.RELEASE.jar:/Users/s0s01ts/.m2/repository/org/springframework/spring-webmvc/5.0.5.RELEASE/spring-webmvc-5.0.5.RELEASE.jar:/Users/s0s01ts/.m2/repository/org/springframework/spring-expression/5.0.5.RELEASE/spring-expression-5.0.5.RELEASE.jar:/Users/s0s01ts/.m2/repository/com/microsoft/sqlserver/mssql-jdbc/6.2.2.jre8/mssql-jdbc-6.2.2.jre8.jar:/Users/s0s01ts/.m2/repository/mysql/mysql-connector-java/5.1.46/mysql-connector-java-5.1.46.jar:/Users/s0s01ts/.m2/repository/org/postgresql/postgresql/42.2.2/postgresql-42.2.2.jar:/Users/s0s01ts/.m2/repository/com/oracle/ojdbc7/12.1.0.2/ojdbc7-12.1.0.2.jar:/Users/s0s01ts/.m2/repository/org/springframework/boot/spring-boot-starter-test/2.0.4.RELEASE/spring-boot-starter-test-2.0.4.RELEASE.jar:/Users/s0s01ts/.m2/repository/org/springframework/boot/spring-boot-test/2.0.1.RELEASE/spring-boot-test-2.0.1.RELEASE.jar:/Users/s0s01ts/.m2/repository/org/springframework/boot/spring-boot-test-autoconfigure/2.0.1.RELEASE/spring-boot-test-autoconfigure-2.0.1.RELEASE.jar:/Users/s0s01ts/.m2/repository/com/jayway/jsonpath/json-path/2.4.0/json-path-2.4.0.jar:/Users/s0s01ts/.m2/repository/net/minidev/json-smart/2.3/json-smart-2.3.jar:/Users/s0s01ts/.m2/repository/net/minidev/accessors-smart/1.2/accessors-smart-1.2.jar:/Users/s0s01ts/.m2/repository/org/ow2/asm/asm/5.0.4/asm-5.0.4.jar:/Users/s0s01ts/.m2/repository/junit/junit/4.12/junit-4.12.jar:/Users/s0s01ts/.m2/repository/org/assertj/assertj-core/3.9.1/assertj-core-3.9.1.jar:/Users/s0s01ts/.m2/repository/org/hamcrest/hamcrest-core/1.3/hamcrest-core-1.3.jar:/Users/s0s01ts/.m2/repository/org/hamcrest/hamcrest-library/1.3/hamcrest-library-1.3.jar:/Users/s0s01ts/.m2/repository/org/skyscreamer/jsonassert/1.5.0/jsonassert-1.5.0.jar:/Users/s0s01ts/.m2/repository/com/vaadin/external/google/android-json/0.0.20131108.vaadin1/android-json-0.0.20131108.vaadin1.jar:/Users/s0s01ts/.m2/repository/org/springframework/spring-core/5.0.5.RELEASE/spring-core-5.0.5.RELEASE.jar:/Users/s0s01ts/.m2/repository/org/springframework/spring-jcl/5.0.5.RELEASE/spring-jcl-5.0.5.RELEASE.jar:/Users/s0s01ts/.m2/repository/org/springframework/spring-test/5.0.5.RELEASE/spring-test-5.0.5.RELEASE.jar:/Users/s0s01ts/.m2/repository/org/xmlunit/xmlunit-core/2.5.1/xmlunit-core-2.5.1.jar:/Users/s0s01ts/.m2/repository/org/springframework/data/spring-data-jpa/2.0.7.RELEASE/spring-data-jpa-2.0.7.RELEASE.jar:/Users/s0s01ts/.m2/repository/org/springframework/data/spring-data-commons/2.0.6.RELEASE/spring-data-commons-2.0.6.RELEASE.jar:/Users/s0s01ts/.m2/repository/org/springframework/spring-orm/5.0.5.RELEASE/spring-orm-5.0.5.RELEASE.jar:/Users/s0s01ts/.m2/repository/org/springframework/spring-context/5.0.5.RELEASE/spring-context-5.0.5.RELEASE.jar:/Users/s0s01ts/.m2/repository/org/springframework/spring-aop/5.0.5.RELEASE/spring-aop-5.0.5.RELEASE.jar:/Users/s0s01ts/.m2/repository/org/springframework/spring-tx/5.0.5.RELEASE/spring-tx-5.0.5.RELEASE.jar:/Users/s0s01ts/.m2/repository/org/springframework/spring-beans/5.0.5.RELEASE/spring-beans-5.0.5.RELEASE.jar:/Users/s0s01ts/.m2/repository/org/aspectj/aspectjrt/1.8.13/aspectjrt-1.8.13.jar:/Users/s0s01ts/.m2/repository/org/slf4j/slf4j-api/1.7.25/slf4j-api-1.7.25.jar:/Users/s0s01ts/.m2/repository/com/h2database/h2/1.4.194/h2-1.4.194.jar:/Users/s0s01ts/.m2/repository/org/mockito/mockito-core/2.13.0/mockito-core-2.13.0.jar:/Users/s0s01ts/.m2/repository/net/bytebuddy/byte-buddy/1.7.11/byte-buddy-1.7.11.jar:/Users/s0s01ts/.m2/repository/net/bytebuddy/byte-buddy-agent/1.7.11/byte-buddy-agent-1.7.11.jar:/Users/s0s01ts/.m2/repository/org/objenesis/objenesis/2.6/objenesis-2.6.jar:/Users/s0s01ts/.m2/repository/io/springfox/springfox-swagger2/2.7.0/springfox-swagger2-2.7.0.jar:/Users/s0s01ts/.m2/repository/io/swagger/swagger-annotations/1.5.13/swagger-annotations-1.5.13.jar:/Users/s0s01ts/.m2/repository/io/swagger/swagger-models/1.5.13/swagger-models-1.5.13.jar:/Users/s0s01ts/.m2/repository/com/fasterxml/jackson/core/jackson-annotations/2.9.0/jackson-annotations-2.9.0.jar:/Users/s0s01ts/.m2/repository/io/springfox/springfox-spi/2.7.0/springfox-spi-2.7.0.jar:/Users/s0s01ts/.m2/repository/io/springfox/springfox-core/2.7.0/springfox-core-2.7.0.jar:/Users/s0s01ts/.m2/repository/io/springfox/springfox-schema/2.7.0/springfox-schema-2.7.0.jar:/Users/s0s01ts/.m2/repository/io/springfox/springfox-swagger-common/2.7.0/springfox-swagger-common-2.7.0.jar:/Users/s0s01ts/.m2/repository/io/springfox/springfox-spring-web/2.7.0/springfox-spring-web-2.7.0.jar:/Users/s0s01ts/.m2/repository/org/reflections/reflections/0.9.11/reflections-0.9.11.jar:/Users/s0s01ts/.m2/repository/com/google/guava/guava/18.0/guava-18.0.jar:/Users/s0s01ts/.m2/repository/com/fasterxml/classmate/1.3.4/classmate-1.3.4.jar:/Users/s0s01ts/.m2/repository/org/springframework/plugin/spring-plugin-core/1.2.0.RELEASE/spring-plugin-core-1.2.0.RELEASE.jar:/Users/s0s01ts/.m2/repository/org/springframework/plugin/spring-plugin-metadata/1.2.0.RELEASE/spring-plugin-metadata-1.2.0.RELEASE.jar:/Users/s0s01ts/.m2/repository/org/mapstruct/mapstruct/1.1.0.Final/mapstruct-1.1.0.Final.jar:/Users/s0s01ts/.m2/repository/io/springfox/springfox-swagger-ui/2.7.0/springfox-swagger-ui-2.7.0.jar:, java.specification.name=Java Platform API Specification, java.class.version=52.0, sun.management.compiler=HotSpot 64-Bit Tiered Compilers, os.version=10.14.4, user.home=/Users/s0s01ts, user.timezone=Asia/Kolkata, java.awt.printerjob=sun.lwawt.macosx.CPrinterJob, file.encoding=UTF-8, java.specification.version=1.8, java.class.path=/Users/s0s01ts/Downloads/IDEAWorkspace/course/target/test-classes:/Users/s0s01ts/Downloads/IDEAWorkspace/course/target/classes:/Users/s0s01ts/.m2/repository/org/springframework/boot/spring-boot-starter-data-jpa/2.0.1.RELEASE/spring-boot-starter-data-jpa-2.0.1.RELEASE.jar:/Users/s0s01ts/.m2/repository/org/springframework/boot/spring-boot-starter/2.0.1.RELEASE/spring-boot-starter-2.0.1.RELEASE.jar:/Users/s0s01ts/.m2/repository/org/springframework/boot/spring-boot/2.0.1.RELEASE/spring-boot-2.0.1.RELEASE.jar:/Users/s0s01ts/.m2/repository/org/springframework/boot/spring-boot-autoconfigure/2.0.1.RELEASE/spring-boot-autoconfigure-2.0.1.RELEASE.jar:/Users/s0s01ts/.m2/repository/org/springframework/boot/spring-boot-starter-logging/2.0.1.RELEASE/spring-boot-starter-logging-2.0.1.RELEASE.jar:/Users/s0s01ts/.m2/repository/ch/qos/logback/logback-classic/1.2.3/logback-classic-1.2.3.jar:/Users/s0s01ts/.m2/repository/ch/qos/logback/logback-core/1.2.3/logback-core-1.2.3.jar:/Users/s0s01ts/.m2/repository/org/apache/logging/log4j/log4j-to-slf4j/2.10.0/log4j-to-slf4j-2.10.0.jar:/Users/s0s01ts/.m2/repository/org/apache/logging/log4j/log4j-api/2.10.0/log4j-api-2.10.0.jar:/Users/s0s01ts/.m2/repository/org/slf4j/jul-to-slf4j/1.7.25/jul-to-slf4j-1.7.25.jar:/Users/s0s01ts/.m2/repository/javax/annotation/javax.annotation-api/1.3.2/javax.annotation-api-1.3.2.jar:/Users/s0s01ts/.m2/repository/org/yaml/snakeyaml/1.19/snakeyaml-1.19.jar:/Users/s0s01ts/.m2/repository/org/springframework/boot/spring-boot-starter-aop/2.0.1.RELEASE/spring-boot-starter-aop-2.0.1.RELEASE.jar:/Users/s0s01ts/.m2/repository/org/aspectj/aspectjweaver/1.8.13/aspectjweaver-1.8.13.jar:/Users/s0s01ts/.m2/repository/org/springframework/boot/spring-boot-starter-jdbc/2.0.1.RELEASE/spring-boot-starter-jdbc-2.0.1.RELEASE.jar:/Users/s0s01ts/.m2/repository/com/zaxxer/HikariCP/2.7.8/HikariCP-2.7.8.jar:/Users/s0s01ts/.m2/repository/org/springframework/spring-jdbc/5.0.5.RELEASE/spring-jdbc-5.0.5.RELEASE.jar:/Users/s0s01ts/.m2/repository/org/hibernate/hibernate-core/5.2.16.Final/hibernate-core-5.2.16.Final.jar:/Users/s0s01ts/.m2/repository/org/jboss/logging/jboss-logging/3.3.2.Final/jboss-logging-3.3.2.Final.jar:/Users/s0s01ts/.m2/repository/org/hibernate/javax/persistence/hibernate-jpa-2.1-api/1.0.0.Final/hibernate-jpa-2.1-api-1.0.0.Final.jar:/Users/s0s01ts/.m2/repository/org/javassist/javassist/3.22.0-GA/javassist-3.22.0-GA.jar:/Users/s0s01ts/.m2/repository/antlr/antlr/2.7.7/antlr-2.7.7.jar:/Users/s0s01ts/.m2/repository/org/jboss/jandex/2.0.3.Final/jandex-2.0.3.Final.jar:/Users/s0s01ts/.m2/repository/dom4j/dom4j/1.6.1/dom4j-1.6.1.jar:/Users/s0s01ts/.m2/repository/org/hibernate/common/hibernate-commons-annotations/5.0.1.Final/hibernate-commons-annotations-5.0.1.Final.jar:/Users/s0s01ts/.m2/repository/javax/transaction/javax.transaction-api/1.2/javax.transaction-api-1.2.jar:/Users/s0s01ts/.m2/repository/org/springframework/spring-aspects/5.0.5.RELEASE/spring-aspects-5.0.5.RELEASE.jar:/Users/s0s01ts/.m2/repository/org/springframework/boot/spring-boot-starter-web/2.0.1.RELEASE/spring-boot-starter-web-2.0.1.RELEASE.jar:/Users/s0s01ts/.m2/repository/org/springframework/boot/spring-boot-starter-json/2.0.1.RELEASE/spring-boot-starter-json-2.0.1.RELEASE.jar:/Users/s0s01ts/.m2/repository/com/fasterxml/jackson/core/jackson-databind/2.9.5/jackson-databind-2.9.5.jar:/Users/s0s01ts/.m2/repository/com/fasterxml/jackson/core/jackson-core/2.9.5/jackson-core-2.9.5.jar:/Users/s0s01ts/.m2/repository/com/fasterxml/jackson/datatype/jackson-datatype-jdk8/2.9.5/jackson-datatype-jdk8-2.9.5.jar:/Users/s0s01ts/.m2/repository/com/fasterxml/jackson/datatype/jackson-datatype-jsr310/2.9.5/jackson-datatype-jsr310-2.9.5.jar:/Users/s0s01ts/.m2/repository/com/fasterxml/jackson/module/jackson-module-parameter-names/2.9.5/jackson-module-parameter-names-2.9.5.jar:/Users/s0s01ts/.m2/repository/org/springframework/boot/spring-boot-starter-tomcat/2.0.1.RELEASE/spring-boot-starter-tomcat-2.0.1.RELEASE.jar:/Users/s0s01ts/.m2/repository/org/apache/tomcat/embed/tomcat-embed-core/8.5.29/tomcat-embed-core-8.5.29.jar:/Users/s0s01ts/.m2/repository/org/apache/tomcat/embed/tomcat-embed-el/8.5.29/tomcat-embed-el-8.5.29.jar:/Users/s0s01ts/.m2/repository/org/apache/tomcat/embed/tomcat-embed-websocket/8.5.29/tomcat-embed-websocket-8.5.29.jar:/Users/s0s01ts/.m2/repository/org/hibernate/validator/hibernate-validator/6.0.9.Final/hibernate-validator-6.0.9.Final.jar:/Users/s0s01ts/.m2/repository/javax/validation/validation-api/2.0.1.Final/validation-api-2.0.1.Final.jar:/Users/s0s01ts/.m2/repository/org/springframework/spring-web/5.0.5.RELEASE/spring-web-5.0.5.RELEASE.jar:/Users/s0s01ts/.m2/repository/org/springframework/spring-webmvc/5.0.5.RELEASE/spring-webmvc-5.0.5.RELEASE.jar:/Users/s0s01ts/.m2/repository/org/springframework/spring-expression/5.0.5.RELEASE/spring-expression-5.0.5.RELEASE.jar:/Users/s0s01ts/.m2/repository/com/microsoft/sqlserver/mssql-jdbc/6.2.2.jre8/mssql-jdbc-6.2.2.jre8.jar:/Users/s0s01ts/.m2/repository/mysql/mysql-connector-java/5.1.46/mysql-connector-java-5.1.46.jar:/Users/s0s01ts/.m2/repository/org/postgresql/postgresql/42.2.2/postgresql-42.2.2.jar:/Users/s0s01ts/.m2/repository/com/oracle/ojdbc7/12.1.0.2/ojdbc7-12.1.0.2.jar:/Users/s0s01ts/.m2/repository/org/springframework/boot/spring-boot-starter-test/2.0.4.RELEASE/spring-boot-starter-test-2.0.4.RELEASE.jar:/Users/s0s01ts/.m2/repository/org/springframework/boot/spring-boot-test/2.0.1.RELEASE/spring-boot-test-2.0.1.RELEASE.jar:/Users/s0s01ts/.m2/repository/org/springframework/boot/spring-boot-test-autoconfigure/2.0.1.RELEASE/spring-boot-test-autoconfigure-2.0.1.RELEASE.jar:/Users/s0s01ts/.m2/repository/com/jayway/jsonpath/json-path/2.4.0/json-path-2.4.0.jar:/Users/s0s01ts/.m2/repository/net/minidev/json-smart/2.3/json-smart-2.3.jar:/Users/s0s01ts/.m2/repository/net/minidev/accessors-smart/1.2/accessors-smart-1.2.jar:/Users/s0s01ts/.m2/repository/org/ow2/asm/asm/5.0.4/asm-5.0.4.jar:/Users/s0s01ts/.m2/repository/junit/junit/4.12/junit-4.12.jar:/Users/s0s01ts/.m2/repository/org/assertj/assertj-core/3.9.1/assertj-core-3.9.1.jar:/Users/s0s01ts/.m2/repository/org/hamcrest/hamcrest-core/1.3/hamcrest-core-1.3.jar:/Users/s0s01ts/.m2/repository/org/hamcrest/hamcrest-library/1.3/hamcrest-library-1.3.jar:/Users/s0s01ts/.m2/repository/org/skyscreamer/jsonassert/1.5.0/jsonassert-1.5.0.jar:/Users/s0s01ts/.m2/repository/com/vaadin/external/google/android-json/0.0.20131108.vaadin1/android-json-0.0.20131108.vaadin1.jar:/Users/s0s01ts/.m2/repository/org/springframework/spring-core/5.0.5.RELEASE/spring-core-5.0.5.RELEASE.jar:/Users/s0s01ts/.m2/repository/org/springframework/spring-jcl/5.0.5.RELEASE/spring-jcl-5.0.5.RELEASE.jar:/Users/s0s01ts/.m2/repository/org/springframework/spring-test/5.0.5.RELEASE/spring-test-5.0.5.RELEASE.jar:/Users/s0s01ts/.m2/repository/org/xmlunit/xmlunit-core/2.5.1/xmlunit-core-2.5.1.jar:/Users/s0s01ts/.m2/repository/org/springframework/data/spring-data-jpa/2.0.7.RELEASE/spring-data-jpa-2.0.7.RELEASE.jar:/Users/s0s01ts/.m2/repository/org/springframework/data/spring-data-commons/2.0.6.RELEASE/spring-data-commons-2.0.6.RELEASE.jar:/Users/s0s01ts/.m2/repository/org/springframework/spring-orm/5.0.5.RELEASE/spring-orm-5.0.5.RELEASE.jar:/Users/s0s01ts/.m2/repository/org/springframework/spring-context/5.0.5.RELEASE/spring-context-5.0.5.RELEASE.jar:/Users/s0s01ts/.m2/repository/org/springframework/spring-aop/5.0.5.RELEASE/spring-aop-5.0.5.RELEASE.jar:/Users/s0s01ts/.m2/repository/org/springframework/spring-tx/5.0.5.RELEASE/spring-tx-5.0.5.RELEASE.jar:/Users/s0s01ts/.m2/repository/org/springframework/spring-beans/5.0.5.RELEASE/spring-beans-5.0.5.RELEASE.jar:/Users/s0s01ts/.m2/repository/org/aspectj/aspectjrt/1.8.13/aspectjrt-1.8.13.jar:/Users/s0s01ts/.m2/repository/org/slf4j/slf4j-api/1.7.25/slf4j-api-1.7.25.jar:/Users/s0s01ts/.m2/repository/com/h2database/h2/1.4.194/h2-1.4.194.jar:/Users/s0s01ts/.m2/repository/org/mockito/mockito-core/2.13.0/mockito-core-2.13.0.jar:/Users/s0s01ts/.m2/repository/net/bytebuddy/byte-buddy/1.7.11/byte-buddy-1.7.11.jar:/Users/s0s01ts/.m2/repository/net/bytebuddy/byte-buddy-agent/1.7.11/byte-buddy-agent-1.7.11.jar:/Users/s0s01ts/.m2/repository/org/objenesis/objenesis/2.6/objenesis-2.6.jar:/Users/s0s01ts/.m2/repository/io/springfox/springfox-swagger2/2.7.0/springfox-swagger2-2.7.0.jar:/Users/s0s01ts/.m2/repository/io/swagger/swagger-annotations/1.5.13/swagger-annotations-1.5.13.jar:/Users/s0s01ts/.m2/repository/io/swagger/swagger-models/1.5.13/swagger-models-1.5.13.jar:/Users/s0s01ts/.m2/repository/com/fasterxml/jackson/core/jackson-annotations/2.9.0/jackson-annotations-2.9.0.jar:/Users/s0s01ts/.m2/repository/io/springfox/springfox-spi/2.7.0/springfox-spi-2.7.0.jar:/Users/s0s01ts/.m2/repository/io/springfox/springfox-core/2.7.0/springfox-core-2.7.0.jar:/Users/s0s01ts/.m2/repository/io/springfox/springfox-schema/2.7.0/springfox-schema-2.7.0.jar:/Users/s0s01ts/.m2/repository/io/springfox/springfox-swagger-common/2.7.0/springfox-swagger-common-2.7.0.jar:/Users/s0s01ts/.m2/repository/io/springfox/springfox-spring-web/2.7.0/springfox-spring-web-2.7.0.jar:/Users/s0s01ts/.m2/repository/org/reflections/reflections/0.9.11/reflections-0.9.11.jar:/Users/s0s01ts/.m2/repository/com/google/guava/guava/18.0/guava-18.0.jar:/Users/s0s01ts/.m2/repository/com/fasterxml/classmate/1.3.4/classmate-1.3.4.jar:/Users/s0s01ts/.m2/repository/org/springframework/plugin/spring-plugin-core/1.2.0.RELEASE/spring-plugin-core-1.2.0.RELEASE.jar:/Users/s0s01ts/.m2/repository/org/springframework/plugin/spring-plugin-metadata/1.2.0.RELEASE/spring-plugin-metadata-1.2.0.RELEASE.jar:/Users/s0s01ts/.m2/repository/org/mapstruct/mapstruct/1.1.0.Final/mapstruct-1.1.0.Final.jar:/Users/s0s01ts/.m2/repository/io/springfox/springfox-swagger-ui/2.7.0/springfox-swagger-ui-2.7.0.jar:, user.name=s0s01ts, java.vm.specification.version=1.8, sun.java.command=/Users/s0s01ts/Downloads/IDEAWorkspace/course/target/surefire/surefirebooter7720849216209390352.jar /Users/s0s01ts/Downloads/IDEAWorkspace/course/target/surefire 2019-05-20T17-51-28_566-jvmRun1 surefire2803324343597220674tmp surefire_05219988169173404496tmp, java.home=/Library/Java/JavaVirtualMachines/jdk1.8.0_162.jdk/Contents/Home/jre, sun.arch.data.model=64, user.language=en, java.specification.vendor=Oracle Corporation, awt.toolkit=sun.lwawt.macosx.LWCToolkit, java.vm.info=mixed mode, java.version=1.8.0_162, java.ext.dirs=/Users/s0s01ts/Library/Java/Extensions:/Library/Java/JavaVirtualMachines/jdk1.8.0_162.jdk/Contents/Home/jre/lib/ext:/Library/Java/Extensions:/Network/Library/Java/Extensions:/System/Library/Java/Extensions:/usr/lib/java, sun.boot.class.path=/Library/Java/JavaVirtualMachines/jdk1.8.0_162.jdk/Contents/Home/jre/lib/resources.jar:/Library/Java/JavaVirtualMachines/jdk1.8.0_162.jdk/Contents/Home/jre/lib/rt.jar:/Library/Java/JavaVirtualMachines/jdk1.8.0_162.jdk/Contents/Home/jre/lib/sunrsasign.jar:/Library/Java/JavaVirtualMachines/jdk1.8.0_162.jdk/Contents/Home/jre/lib/jsse.jar:/Library/Java/JavaVirtualMachines/jdk1.8.0_162.jdk/Contents/Home/jre/lib/jce.jar:/Library/Java/JavaVirtualMachines/jdk1.8.0_162.jdk/Contents/Home/jre/lib/charsets.jar:/Library/Java/JavaVirtualMachines/jdk1.8.0_162.jdk/Contents/Home/jre/lib/jfr.jar:/Library/Java/JavaVirtualMachines/jdk1.8.0_162.jdk/Contents/Home/jre/classes, java.vendor=Oracle Corporation, localRepository=/Users/s0s01ts/.m2/repository, file.separator=/, java.vendor.url.bug=http://bugreport.sun.com/bugreport/, sun.io.unicode.encoding=UnicodeBig, sun.cpu.endian=little, sun.cpu.isalist=}}, SystemEnvironmentPropertySource@1101184763 {name='systemEnvironment', properties={PATH=/usr/local/bin:/usr/bin:/bin:/usr/sbin:/sbin:/usr/local/mysql/bin, SHELL=/bin/bash, JAVA_HOME=/Library/Java/JavaVirtualMachines/jdk1.8.0_162.jdk/Contents/Home, MAVEN_PROJECTBASEDIR=/Users/s0s01ts/Downloads/IDEAWorkspace/course, OLDPWD=/Users/s0s01ts/Downloads/IDEAWorkspace/course, TERM=xterm-256color, USER=s0s01ts, JAVA_MAIN_CLASS_48302=org.apache.maven.surefire.booter.ForkedBooter, TMPDIR=/var/folders/70/gkbk1sd10q3_qg6y2tzzkstcw1y9f8/T/, SSH_AUTH_SOCK=/private/tmp/com.apple.launchd.5DSuXepzGj/Listeners, XPC_FLAGS=0x0, JAVA_MAIN_CLASS_48283=org.codehaus.plexus.classworlds.launcher.Launcher, __CF_USER_TEXT_ENCODING=0x381F25C8:0x0:0x0, Apple_PubSub_Socket_Render=/private/tmp/com.apple.launchd.RvMFOnvQp8/Render, LOGNAME=s0s01ts, LC_CTYPE=en_US.UTF-8, XPC_SERVICE_NAME=0, PWD=/Users/s0s01ts/Downloads/IDEAWorkspace/course, HOME=/Users/s0s01ts, SHLVL=2, MAVEN_CMD_LINE_ARGS= clean install, _=/Library/Java/JavaVirtualMachines/jdk1.8.0_162.jdk/Contents/Home/jre/bin/java}}]
17:51:30.086 [main] DEBUG org.springframework.core.env.StandardEnvironment - Adding PropertySource 'test' with highest search precedence
17:51:30.087 [main] DEBUG org.springframework.core.env.StandardEnvironment - Adding PropertySource 'configurationProperties' with highest search precedence
17:51:30.088 [main] DEBUG org.springframework.test.context.support.TestPropertySourceUtils - Adding inlined properties to environment: {spring.jmx.enabled=false, org.springframework.boot.test.context.SpringBootTestContextBootstrapper=true, server.port=0}
17:51:30.089 [main] DEBUG org.springframework.core.env.StandardEnvironment - Adding PropertySource 'Inlined Test Properties' with highest search precedence

  .   ____          _            __ _ _
 /\\ / ___'_ __ _ _(_)_ __  __ _ \ \ \ \
( ( )\___ | '_ | '_| | '_ \/ _` | \ \ \ \
 \\/  ___)| |_)| | | | | || (_| |  ) ) ) )
  '  |____| .__|_| |_|_| |_\__, | / / / /
 =========|_|==============|___/=/_/_/_/
 :: Spring Boot ::        (v2.0.1.RELEASE)

2019-05-20 17:51:30.378  INFO 48302 --- [           main] c.m.c.integration.CourseIntegrationTest  : Starting CourseIntegrationTest on m-C02VN0QDG8WN with PID 48302 (started by s0s01ts in /Users/s0s01ts/Downloads/IDEAWorkspace/course)
2019-05-20 17:51:30.379  INFO 48302 --- [           main] c.m.c.integration.CourseIntegrationTest  : The following profiles are active: test
2019-05-20 17:51:30.416  INFO 48302 --- [           main] ConfigServletWebServerApplicationContext : Refreshing org.springframework.boot.web.servlet.context.AnnotationConfigServletWebServerApplicationContext@6440112d: startup date [Mon May 20 17:51:30 IST 2019]; root of context hierarchy
2019-05-20 17:51:31.714  INFO 48302 --- [           main] trationDelegate$BeanPostProcessorChecker : Bean 'org.springframework.transaction.annotation.ProxyTransactionManagementConfiguration' of type [org.springframework.transaction.annotation.ProxyTransactionManagementConfiguration$$EnhancerBySpringCGLIB$$fef736d7] is not eligible for getting processed by all BeanPostProcessors (for example: not eligible for auto-proxying)
2019-05-20 17:51:32.003  INFO 48302 --- [           main] o.s.b.w.embedded.tomcat.TomcatWebServer  : Tomcat initialized with port(s): 0 (http)
2019-05-20 17:51:32.086  INFO 48302 --- [           main] o.apache.catalina.core.StandardService   : Starting service [Tomcat]
2019-05-20 17:51:32.086  INFO 48302 --- [           main] org.apache.catalina.core.StandardEngine  : Starting Servlet Engine: Apache Tomcat/8.5.29
2019-05-20 17:51:32.098  INFO 48302 --- [ost-startStop-1] o.a.catalina.core.AprLifecycleListener   : The APR based Apache Tomcat Native library which allows optimal performance in production environments was not found on the java.library.path: [/Users/s0s01ts/Library/Java/Extensions:/Library/Java/Extensions:/Network/Library/Java/Extensions:/System/Library/Java/Extensions:/usr/lib/java:.]
2019-05-20 17:51:32.192  INFO 48302 --- [ost-startStop-1] o.a.c.c.C.[Tomcat].[localhost].[/]       : Initializing Spring embedded WebApplicationContext
2019-05-20 17:51:32.192  INFO 48302 --- [ost-startStop-1] o.s.web.context.ContextLoader            : Root WebApplicationContext: initialization completed in 1788 ms
2019-05-20 17:51:32.356  INFO 48302 --- [ost-startStop-1] o.s.b.w.servlet.ServletRegistrationBean  : Servlet dispatcherServlet mapped to [/]
2019-05-20 17:51:32.362  INFO 48302 --- [ost-startStop-1] o.s.b.w.servlet.FilterRegistrationBean   : Mapping filter: 'characterEncodingFilter' to: [/*]
2019-05-20 17:51:32.363  INFO 48302 --- [ost-startStop-1] o.s.b.w.servlet.FilterRegistrationBean   : Mapping filter: 'hiddenHttpMethodFilter' to: [/*]
2019-05-20 17:51:32.363  INFO 48302 --- [ost-startStop-1] o.s.b.w.servlet.FilterRegistrationBean   : Mapping filter: 'httpPutFormContentFilter' to: [/*]
2019-05-20 17:51:32.363  INFO 48302 --- [ost-startStop-1] o.s.b.w.servlet.FilterRegistrationBean   : Mapping filter: 'requestContextFilter' to: [/*]
2019-05-20 17:51:32.757  INFO 48302 --- [           main] com.zaxxer.hikari.HikariDataSource       : HikariPool-1 - Starting...
2019-05-20 17:51:32.977  INFO 48302 --- [           main] com.zaxxer.hikari.HikariDataSource       : HikariPool-1 - Start completed.
2019-05-20 17:51:33.061  INFO 48302 --- [           main] j.LocalContainerEntityManagerFactoryBean : Building JPA container EntityManagerFactory for persistence unit 'default'
2019-05-20 17:51:33.089  INFO 48302 --- [           main] o.hibernate.jpa.internal.util.LogHelper  : HHH000204: Processing PersistenceUnitInfo [
	name: default
	...]
2019-05-20 17:51:33.206  INFO 48302 --- [           main] org.hibernate.Version                    : HHH000412: Hibernate Core {5.2.16.Final}
2019-05-20 17:51:33.208  INFO 48302 --- [           main] org.hibernate.cfg.Environment            : HHH000206: hibernate.properties not found
2019-05-20 17:51:33.257  INFO 48302 --- [           main] o.hibernate.annotations.common.Version   : HCANN000001: Hibernate Commons Annotations {5.0.1.Final}
2019-05-20 17:51:33.439  INFO 48302 --- [           main] org.hibernate.dialect.Dialect            : HHH000400: Using dialect: org.hibernate.dialect.H2Dialect
Hibernate: create table course (course_id integer generated by default as identity, available_seats integer not null, charges double not null, due_date timestamp, duration varchar(255), instructor varchar(255), overview varchar(255), start_date timestamp, status varchar(255), title varchar(255), primary key (course_id))
Hibernate: create table student (student_id integer generated by default as identity, email varchar(255), fname varchar(255), lname varchar(255), phone varchar(255), primary key (student_id))
Hibernate: create table student_course (student_id integer not null, course_id integer not null, primary key (student_id, course_id))
Hibernate: alter table student_course add constraint FKejrkh4gv8iqgmspsanaji90ws foreign key (course_id) references course
Hibernate: alter table student_course add constraint FKq7yw2wg9wlt2cnj480hcdn6dq foreign key (student_id) references student
2019-05-20 17:51:34.028  INFO 48302 --- [           main] j.LocalContainerEntityManagerFactoryBean : Initialized JPA EntityManagerFactory for persistence unit 'default'
2019-05-20 17:51:34.763  WARN 48302 --- [           main] aWebConfiguration$JpaWebMvcConfiguration : spring.jpa.open-in-view is enabled by default. Therefore, database queries may be performed during view rendering. Explicitly configure spring.jpa.open-in-view to disable this warning
2019-05-20 17:51:34.834  INFO 48302 --- [           main] s.w.s.m.m.a.RequestMappingHandlerMapping : Mapped "{[/course/add],methods=[POST]}" onto public org.springframework.http.ResponseEntity com.myorg.course.controller.CourseController.add(com.myorg.course.dao.Course)
2019-05-20 17:51:34.835  INFO 48302 --- [           main] s.w.s.m.m.a.RequestMappingHandlerMapping : Mapped "{[/course/view]}" onto public org.springframework.http.ResponseEntity<java.util.List<com.myorg.course.dao.Course>> com.myorg.course.controller.CourseController.get()
2019-05-20 17:51:34.836  INFO 48302 --- [           main] s.w.s.m.m.a.RequestMappingHandlerMapping : Mapped "{[/student/view/{email}]}" onto public org.springframework.http.ResponseEntity<java.util.Set<com.myorg.course.dao.Course>> com.myorg.course.controller.StudentController.get(java.lang.String)
2019-05-20 17:51:34.837  INFO 48302 --- [           main] s.w.s.m.m.a.RequestMappingHandlerMapping : Mapped "{[/student/register]}" onto public org.springframework.http.ResponseEntity<java.util.Map> com.myorg.course.controller.StudentController.register(com.myorg.course.dto.RegisterRequest)
2019-05-20 17:51:34.837  INFO 48302 --- [           main] s.w.s.m.m.a.RequestMappingHandlerMapping : Mapped "{[/student/unregister]}" onto public org.springframework.http.ResponseEntity<java.util.Map> com.myorg.course.controller.StudentController.unregister(com.myorg.course.dto.UnregisterRequest)
2019-05-20 17:51:34.841  INFO 48302 --- [           main] s.w.s.m.m.a.RequestMappingHandlerMapping : Mapped "{[/swagger-resources/configuration/ui]}" onto public org.springframework.http.ResponseEntity<springfox.documentation.swagger.web.UiConfiguration> springfox.documentation.swagger.web.ApiResourceController.uiConfiguration()
2019-05-20 17:51:34.841  INFO 48302 --- [           main] s.w.s.m.m.a.RequestMappingHandlerMapping : Mapped "{[/swagger-resources/configuration/security]}" onto public org.springframework.http.ResponseEntity<springfox.documentation.swagger.web.SecurityConfiguration> springfox.documentation.swagger.web.ApiResourceController.securityConfiguration()
2019-05-20 17:51:34.841  INFO 48302 --- [           main] s.w.s.m.m.a.RequestMappingHandlerMapping : Mapped "{[/swagger-resources]}" onto public org.springframework.http.ResponseEntity<java.util.List<springfox.documentation.swagger.web.SwaggerResource>> springfox.documentation.swagger.web.ApiResourceController.swaggerResources()
2019-05-20 17:51:34.844  INFO 48302 --- [           main] s.w.s.m.m.a.RequestMappingHandlerMapping : Mapped "{[/error]}" onto public org.springframework.http.ResponseEntity<java.util.Map<java.lang.String, java.lang.Object>> org.springframework.boot.autoconfigure.web.servlet.error.BasicErrorController.error(javax.servlet.http.HttpServletRequest)
2019-05-20 17:51:34.845  INFO 48302 --- [           main] s.w.s.m.m.a.RequestMappingHandlerMapping : Mapped "{[/error],produces=[text/html]}" onto public org.springframework.web.servlet.ModelAndView org.springframework.boot.autoconfigure.web.servlet.error.BasicErrorController.errorHtml(javax.servlet.http.HttpServletRequest,javax.servlet.http.HttpServletResponse)
2019-05-20 17:51:34.981  INFO 48302 --- [           main] pertySourcedRequestMappingHandlerMapping : Mapped URL path [/v2/api-docs] onto method [public org.springframework.http.ResponseEntity<springfox.documentation.spring.web.json.Json> springfox.documentation.swagger2.web.Swagger2Controller.getDocumentation(java.lang.String,javax.servlet.http.HttpServletRequest)]
2019-05-20 17:51:35.063  INFO 48302 --- [           main] o.s.w.s.handler.SimpleUrlHandlerMapping  : Mapped URL path [/**/favicon.ico] onto handler of type [class org.springframework.web.servlet.resource.ResourceHttpRequestHandler]
2019-05-20 17:51:35.398  INFO 48302 --- [           main] s.w.s.m.m.a.RequestMappingHandlerAdapter : Looking for @ControllerAdvice: org.springframework.boot.web.servlet.context.AnnotationConfigServletWebServerApplicationContext@6440112d: startup date [Mon May 20 17:51:30 IST 2019]; root of context hierarchy
2019-05-20 17:51:35.446  INFO 48302 --- [           main] o.s.w.s.handler.SimpleUrlHandlerMapping  : Mapped URL path [/webjars/**] onto handler of type [class org.springframework.web.servlet.resource.ResourceHttpRequestHandler]
2019-05-20 17:51:35.446  INFO 48302 --- [           main] o.s.w.s.handler.SimpleUrlHandlerMapping  : Mapped URL path [/**] onto handler of type [class org.springframework.web.servlet.resource.ResourceHttpRequestHandler]
2019-05-20 17:51:35.677  INFO 48302 --- [           main] o.s.c.support.DefaultLifecycleProcessor  : Starting beans in phase 2147483647
2019-05-20 17:51:35.677  INFO 48302 --- [           main] d.s.w.p.DocumentationPluginsBootstrapper : Context refreshed
2019-05-20 17:51:35.698  INFO 48302 --- [           main] d.s.w.p.DocumentationPluginsBootstrapper : Found 1 custom documentation plugin(s)
2019-05-20 17:51:35.727  INFO 48302 --- [           main] s.d.s.w.s.ApiListingReferenceScanner     : Scanning for api listing references
2019-05-20 17:51:35.897  INFO 48302 --- [           main] .d.s.w.r.o.CachingOperationNameGenerator : Generating unique operation named: getUsingGET_1
2019-05-20 17:51:35.900  INFO 48302 --- [           main] .d.s.w.r.o.CachingOperationNameGenerator : Generating unique operation named: getUsingHEAD_1
2019-05-20 17:51:35.903  INFO 48302 --- [           main] .d.s.w.r.o.CachingOperationNameGenerator : Generating unique operation named: getUsingPOST_1
2019-05-20 17:51:35.905  INFO 48302 --- [           main] .d.s.w.r.o.CachingOperationNameGenerator : Generating unique operation named: getUsingPUT_1
2019-05-20 17:51:35.908  INFO 48302 --- [           main] .d.s.w.r.o.CachingOperationNameGenerator : Generating unique operation named: getUsingPATCH_1
2019-05-20 17:51:35.911  INFO 48302 --- [           main] .d.s.w.r.o.CachingOperationNameGenerator : Generating unique operation named: getUsingDELETE_1
2019-05-20 17:51:35.913  INFO 48302 --- [           main] .d.s.w.r.o.CachingOperationNameGenerator : Generating unique operation named: getUsingOPTIONS_1
2019-05-20 17:51:35.916  INFO 48302 --- [           main] .d.s.w.r.o.CachingOperationNameGenerator : Generating unique operation named: getUsingTRACE_1
2019-05-20 17:51:36.012  INFO 48302 --- [           main] o.s.b.w.embedded.tomcat.TomcatWebServer  : Tomcat started on port(s): 59070 (http) with context path ''
2019-05-20 17:51:36.016  INFO 48302 --- [           main] c.m.c.integration.CourseIntegrationTest  : Started CourseIntegrationTest in 5.925 seconds (JVM running for 6.685)
2019-05-20 17:51:36.043 ERROR 48302 --- [           main] o.s.test.context.TestContextManager      : Caught exception while allowing TestExecutionListener [org.springframework.boot.test.autoconfigure.SpringBootDependencyInjectionTestExecutionListener@a1153bc] to prepare test instance [com.myorg.course.integration.CourseIntegrationTest@6a6cb05c]

org.springframework.beans.factory.UnsatisfiedDependencyException: Error creating bean with name 'com.myorg.course.integration.CourseIntegrationTest': Unsatisfied dependency expressed through field 'mvc'; nested exception is org.springframework.beans.factory.NoSuchBeanDefinitionException: No qualifying bean of type 'org.springframework.test.web.servlet.MockMvc' available: expected at least 1 bean which qualifies as autowire candidate. Dependency annotations: {@org.springframework.beans.factory.annotation.Autowired(required=true)}
	at org.springframework.beans.factory.annotation.AutowiredAnnotationBeanPostProcessor$AutowiredFieldElement.inject(AutowiredAnnotationBeanPostProcessor.java:587) ~[spring-beans-5.0.5.RELEASE.jar:5.0.5.RELEASE]
	at org.springframework.beans.factory.annotation.InjectionMetadata.inject(InjectionMetadata.java:91) ~[spring-beans-5.0.5.RELEASE.jar:5.0.5.RELEASE]
	at org.springframework.beans.factory.annotation.AutowiredAnnotationBeanPostProcessor.postProcessPropertyValues(AutowiredAnnotationBeanPostProcessor.java:373) ~[spring-beans-5.0.5.RELEASE.jar:5.0.5.RELEASE]
	at org.springframework.beans.factory.support.AbstractAutowireCapableBeanFactory.populateBean(AbstractAutowireCapableBeanFactory.java:1344) ~[spring-beans-5.0.5.RELEASE.jar:5.0.5.RELEASE]
	at org.springframework.beans.factory.support.AbstractAutowireCapableBeanFactory.autowireBeanProperties(AbstractAutowireCapableBeanFactory.java:399) ~[spring-beans-5.0.5.RELEASE.jar:5.0.5.RELEASE]
	at org.springframework.test.context.support.DependencyInjectionTestExecutionListener.injectDependencies(DependencyInjectionTestExecutionListener.java:118) ~[spring-test-5.0.5.RELEASE.jar:5.0.5.RELEASE]
	at org.springframework.test.context.support.DependencyInjectionTestExecutionListener.prepareTestInstance(DependencyInjectionTestExecutionListener.java:83) ~[spring-test-5.0.5.RELEASE.jar:5.0.5.RELEASE]
	at org.springframework.boot.test.autoconfigure.SpringBootDependencyInjectionTestExecutionListener.prepareTestInstance(SpringBootDependencyInjectionTestExecutionListener.java:44) ~[spring-boot-test-autoconfigure-2.0.1.RELEASE.jar:2.0.1.RELEASE]
	at org.springframework.test.context.TestContextManager.prepareTestInstance(TestContextManager.java:246) ~[spring-test-5.0.5.RELEASE.jar:5.0.5.RELEASE]
	at org.springframework.test.context.junit4.SpringJUnit4ClassRunner.createTest(SpringJUnit4ClassRunner.java:227) [spring-test-5.0.5.RELEASE.jar:5.0.5.RELEASE]
	at org.springframework.test.context.junit4.SpringJUnit4ClassRunner$1.runReflectiveCall(SpringJUnit4ClassRunner.java:289) [spring-test-5.0.5.RELEASE.jar:5.0.5.RELEASE]
	at org.junit.internal.runners.model.ReflectiveCallable.run(ReflectiveCallable.java:12) [junit-4.12.jar:4.12]
	at org.springframework.test.context.junit4.SpringJUnit4ClassRunner.methodBlock(SpringJUnit4ClassRunner.java:291) [spring-test-5.0.5.RELEASE.jar:5.0.5.RELEASE]
	at org.springframework.test.context.junit4.SpringJUnit4ClassRunner.runChild(SpringJUnit4ClassRunner.java:246) [spring-test-5.0.5.RELEASE.jar:5.0.5.RELEASE]
	at org.springframework.test.context.junit4.SpringJUnit4ClassRunner.runChild(SpringJUnit4ClassRunner.java:97) [spring-test-5.0.5.RELEASE.jar:5.0.5.RELEASE]
	at org.junit.runners.ParentRunner$3.run(ParentRunner.java:290) [junit-4.12.jar:4.12]
	at org.junit.runners.ParentRunner$1.schedule(ParentRunner.java:71) [junit-4.12.jar:4.12]
	at org.junit.runners.ParentRunner.runChildren(ParentRunner.java:288) [junit-4.12.jar:4.12]
	at org.junit.runners.ParentRunner.access$000(ParentRunner.java:58) [junit-4.12.jar:4.12]
	at org.junit.runners.ParentRunner$2.evaluate(ParentRunner.java:268) [junit-4.12.jar:4.12]
	at org.springframework.test.context.junit4.statements.RunBeforeTestClassCallbacks.evaluate(RunBeforeTestClassCallbacks.java:61) [spring-test-5.0.5.RELEASE.jar:5.0.5.RELEASE]
	at org.springframework.test.context.junit4.statements.RunAfterTestClassCallbacks.evaluate(RunAfterTestClassCallbacks.java:70) [spring-test-5.0.5.RELEASE.jar:5.0.5.RELEASE]
	at org.junit.runners.ParentRunner.run(ParentRunner.java:363) [junit-4.12.jar:4.12]
	at org.springframework.test.context.junit4.SpringJUnit4ClassRunner.run(SpringJUnit4ClassRunner.java:190) [spring-test-5.0.5.RELEASE.jar:5.0.5.RELEASE]
	at org.apache.maven.surefire.junit4.JUnit4Provider.execute(JUnit4Provider.java:365) [surefire-junit4-2.22.0.jar:2.22.0]
	at org.apache.maven.surefire.junit4.JUnit4Provider.executeWithRerun(JUnit4Provider.java:273) [surefire-junit4-2.22.0.jar:2.22.0]
	at org.apache.maven.surefire.junit4.JUnit4Provider.executeTestSet(JUnit4Provider.java:238) [surefire-junit4-2.22.0.jar:2.22.0]
	at org.apache.maven.surefire.junit4.JUnit4Provider.invoke(JUnit4Provider.java:159) [surefire-junit4-2.22.0.jar:2.22.0]
	at org.apache.maven.surefire.booter.ForkedBooter.invokeProviderInSameClassLoader(ForkedBooter.java:383) [surefire-booter-2.22.0.jar:2.22.0]
	at org.apache.maven.surefire.booter.ForkedBooter.runSuitesInProcess(ForkedBooter.java:344) [surefire-booter-2.22.0.jar:2.22.0]
	at org.apache.maven.surefire.booter.ForkedBooter.execute(ForkedBooter.java:125) [surefire-booter-2.22.0.jar:2.22.0]
	at org.apache.maven.surefire.booter.ForkedBooter.main(ForkedBooter.java:417) [surefire-booter-2.22.0.jar:2.22.0]
Caused by: org.springframework.beans.factory.NoSuchBeanDefinitionException: No qualifying bean of type 'org.springframework.test.web.servlet.MockMvc' available: expected at least 1 bean which qualifies as autowire candidate. Dependency annotations: {@org.springframework.beans.factory.annotation.Autowired(required=true)}
	at org.springframework.beans.factory.support.DefaultListableBeanFactory.raiseNoMatchingBeanFound(DefaultListableBeanFactory.java:1509) ~[spring-beans-5.0.5.RELEASE.jar:5.0.5.RELEASE]
	at org.springframework.beans.factory.support.DefaultListableBeanFactory.doResolveDependency(DefaultListableBeanFactory.java:1104) ~[spring-beans-5.0.5.RELEASE.jar:5.0.5.RELEASE]
	at org.springframework.beans.factory.support.DefaultListableBeanFactory.resolveDependency(DefaultListableBeanFactory.java:1065) ~[spring-beans-5.0.5.RELEASE.jar:5.0.5.RELEASE]
	at org.springframework.beans.factory.annotation.AutowiredAnnotationBeanPostProcessor$AutowiredFieldElement.inject(AutowiredAnnotationBeanPostProcessor.java:584) ~[spring-beans-5.0.5.RELEASE.jar:5.0.5.RELEASE]
	... 31 common frames omitted

2019-05-20 17:51:36.060 ERROR 48302 --- [           main] o.s.test.context.TestContextManager      : Caught exception while allowing TestExecutionListener [org.springframework.boot.test.autoconfigure.SpringBootDependencyInjectionTestExecutionListener@a1153bc] to prepare test instance [com.myorg.course.integration.CourseIntegrationTest@58ec8271]

org.springframework.beans.factory.UnsatisfiedDependencyException: Error creating bean with name 'com.myorg.course.integration.CourseIntegrationTest': Unsatisfied dependency expressed through field 'mvc'; nested exception is org.springframework.beans.factory.NoSuchBeanDefinitionException: No qualifying bean of type 'org.springframework.test.web.servlet.MockMvc' available: expected at least 1 bean which qualifies as autowire candidate. Dependency annotations: {@org.springframework.beans.factory.annotation.Autowired(required=true)}
	at org.springframework.beans.factory.annotation.AutowiredAnnotationBeanPostProcessor$AutowiredFieldElement.inject(AutowiredAnnotationBeanPostProcessor.java:587) ~[spring-beans-5.0.5.RELEASE.jar:5.0.5.RELEASE]
	at org.springframework.beans.factory.annotation.InjectionMetadata.inject(InjectionMetadata.java:91) ~[spring-beans-5.0.5.RELEASE.jar:5.0.5.RELEASE]
	at org.springframework.beans.factory.annotation.AutowiredAnnotationBeanPostProcessor.postProcessPropertyValues(AutowiredAnnotationBeanPostProcessor.java:373) ~[spring-beans-5.0.5.RELEASE.jar:5.0.5.RELEASE]
	at org.springframework.beans.factory.support.AbstractAutowireCapableBeanFactory.populateBean(AbstractAutowireCapableBeanFactory.java:1344) ~[spring-beans-5.0.5.RELEASE.jar:5.0.5.RELEASE]
	at org.springframework.beans.factory.support.AbstractAutowireCapableBeanFactory.autowireBeanProperties(AbstractAutowireCapableBeanFactory.java:399) ~[spring-beans-5.0.5.RELEASE.jar:5.0.5.RELEASE]
	at org.springframework.test.context.support.DependencyInjectionTestExecutionListener.injectDependencies(DependencyInjectionTestExecutionListener.java:118) ~[spring-test-5.0.5.RELEASE.jar:5.0.5.RELEASE]
	at org.springframework.test.context.support.DependencyInjectionTestExecutionListener.prepareTestInstance(DependencyInjectionTestExecutionListener.java:83) ~[spring-test-5.0.5.RELEASE.jar:5.0.5.RELEASE]
	at org.springframework.boot.test.autoconfigure.SpringBootDependencyInjectionTestExecutionListener.prepareTestInstance(SpringBootDependencyInjectionTestExecutionListener.java:44) ~[spring-boot-test-autoconfigure-2.0.1.RELEASE.jar:2.0.1.RELEASE]
	at org.springframework.test.context.TestContextManager.prepareTestInstance(TestContextManager.java:246) ~[spring-test-5.0.5.RELEASE.jar:5.0.5.RELEASE]
	at org.springframework.test.context.junit4.SpringJUnit4ClassRunner.createTest(SpringJUnit4ClassRunner.java:227) [spring-test-5.0.5.RELEASE.jar:5.0.5.RELEASE]
	at org.springframework.test.context.junit4.SpringJUnit4ClassRunner$1.runReflectiveCall(SpringJUnit4ClassRunner.java:289) [spring-test-5.0.5.RELEASE.jar:5.0.5.RELEASE]
	at org.junit.internal.runners.model.ReflectiveCallable.run(ReflectiveCallable.java:12) [junit-4.12.jar:4.12]
	at org.springframework.test.context.junit4.SpringJUnit4ClassRunner.methodBlock(SpringJUnit4ClassRunner.java:291) [spring-test-5.0.5.RELEASE.jar:5.0.5.RELEASE]
	at org.springframework.test.context.junit4.SpringJUnit4ClassRunner.runChild(SpringJUnit4ClassRunner.java:246) [spring-test-5.0.5.RELEASE.jar:5.0.5.RELEASE]
	at org.springframework.test.context.junit4.SpringJUnit4ClassRunner.runChild(SpringJUnit4ClassRunner.java:97) [spring-test-5.0.5.RELEASE.jar:5.0.5.RELEASE]
	at org.junit.runners.ParentRunner$3.run(ParentRunner.java:290) [junit-4.12.jar:4.12]
	at org.junit.runners.ParentRunner$1.schedule(ParentRunner.java:71) [junit-4.12.jar:4.12]
	at org.junit.runners.ParentRunner.runChildren(ParentRunner.java:288) [junit-4.12.jar:4.12]
	at org.junit.runners.ParentRunner.access$000(ParentRunner.java:58) [junit-4.12.jar:4.12]
	at org.junit.runners.ParentRunner$2.evaluate(ParentRunner.java:268) [junit-4.12.jar:4.12]
	at org.springframework.test.context.junit4.statements.RunBeforeTestClassCallbacks.evaluate(RunBeforeTestClassCallbacks.java:61) [spring-test-5.0.5.RELEASE.jar:5.0.5.RELEASE]
	at org.springframework.test.context.junit4.statements.RunAfterTestClassCallbacks.evaluate(RunAfterTestClassCallbacks.java:70) [spring-test-5.0.5.RELEASE.jar:5.0.5.RELEASE]
	at org.junit.runners.ParentRunner.run(ParentRunner.java:363) [junit-4.12.jar:4.12]
	at org.springframework.test.context.junit4.SpringJUnit4ClassRunner.run(SpringJUnit4ClassRunner.java:190) [spring-test-5.0.5.RELEASE.jar:5.0.5.RELEASE]
	at org.apache.maven.surefire.junit4.JUnit4Provider.execute(JUnit4Provider.java:365) [surefire-junit4-2.22.0.jar:2.22.0]
	at org.apache.maven.surefire.junit4.JUnit4Provider.executeWithRerun(JUnit4Provider.java:273) [surefire-junit4-2.22.0.jar:2.22.0]
	at org.apache.maven.surefire.junit4.JUnit4Provider.executeTestSet(JUnit4Provider.java:238) [surefire-junit4-2.22.0.jar:2.22.0]
	at org.apache.maven.surefire.junit4.JUnit4Provider.invoke(JUnit4Provider.java:159) [surefire-junit4-2.22.0.jar:2.22.0]
	at org.apache.maven.surefire.booter.ForkedBooter.invokeProviderInSameClassLoader(ForkedBooter.java:383) [surefire-booter-2.22.0.jar:2.22.0]
	at org.apache.maven.surefire.booter.ForkedBooter.runSuitesInProcess(ForkedBooter.java:344) [surefire-booter-2.22.0.jar:2.22.0]
	at org.apache.maven.surefire.booter.ForkedBooter.execute(ForkedBooter.java:125) [surefire-booter-2.22.0.jar:2.22.0]
	at org.apache.maven.surefire.booter.ForkedBooter.main(ForkedBooter.java:417) [surefire-booter-2.22.0.jar:2.22.0]
Caused by: org.springframework.beans.factory.NoSuchBeanDefinitionException: No qualifying bean of type 'org.springframework.test.web.servlet.MockMvc' available: expected at least 1 bean which qualifies as autowire candidate. Dependency annotations: {@org.springframework.beans.factory.annotation.Autowired(required=true)}
	at org.springframework.beans.factory.support.DefaultListableBeanFactory.raiseNoMatchingBeanFound(DefaultListableBeanFactory.java:1509) ~[spring-beans-5.0.5.RELEASE.jar:5.0.5.RELEASE]
	at org.springframework.beans.factory.support.DefaultListableBeanFactory.doResolveDependency(DefaultListableBeanFactory.java:1104) ~[spring-beans-5.0.5.RELEASE.jar:5.0.5.RELEASE]
	at org.springframework.beans.factory.support.DefaultListableBeanFactory.resolveDependency(DefaultListableBeanFactory.java:1065) ~[spring-beans-5.0.5.RELEASE.jar:5.0.5.RELEASE]
	at org.springframework.beans.factory.annotation.AutowiredAnnotationBeanPostProcessor$AutowiredFieldElement.inject(AutowiredAnnotationBeanPostProcessor.java:584) ~[spring-beans-5.0.5.RELEASE.jar:5.0.5.RELEASE]
	... 31 common frames omitted

[ERROR] Tests run: 2, Failures: 0, Errors: 2, Skipped: 0, Time elapsed: 6.945 s <<< FAILURE! - in com.myorg.course.integration.CourseIntegrationTest
[ERROR] addCourseTest(com.myorg.course.integration.CourseIntegrationTest)  Time elapsed: 0.001 s  <<< ERROR!
org.springframework.beans.factory.UnsatisfiedDependencyException: Error creating bean with name 'com.myorg.course.integration.CourseIntegrationTest': Unsatisfied dependency expressed through field 'mvc'; nested exception is org.springframework.beans.factory.NoSuchBeanDefinitionException: No qualifying bean of type 'org.springframework.test.web.servlet.MockMvc' available: expected at least 1 bean which qualifies as autowire candidate. Dependency annotations: {@org.springframework.beans.factory.annotation.Autowired(required=true)}
Caused by: org.springframework.beans.factory.NoSuchBeanDefinitionException: No qualifying bean of type 'org.springframework.test.web.servlet.MockMvc' available: expected at least 1 bean which qualifies as autowire candidate. Dependency annotations: {@org.springframework.beans.factory.annotation.Autowired(required=true)}

[ERROR] viewCoursesTest(com.myorg.course.integration.CourseIntegrationTest)  Time elapsed: 0 s  <<< ERROR!
org.springframework.beans.factory.UnsatisfiedDependencyException: Error creating bean with name 'com.myorg.course.integration.CourseIntegrationTest': Unsatisfied dependency expressed through field 'mvc'; nested exception is org.springframework.beans.factory.NoSuchBeanDefinitionException: No qualifying bean of type 'org.springframework.test.web.servlet.MockMvc' available: expected at least 1 bean which qualifies as autowire candidate. Dependency annotations: {@org.springframework.beans.factory.annotation.Autowired(required=true)}
Caused by: org.springframework.beans.factory.NoSuchBeanDefinitionException: No qualifying bean of type 'org.springframework.test.web.servlet.MockMvc' available: expected at least 1 bean which qualifies as autowire candidate. Dependency annotations: {@org.springframework.beans.factory.annotation.Autowired(required=true)}

[INFO] Running com.myorg.course.integration.StudentIntegrationTest
2019-05-20 17:51:36.064  INFO 48302 --- [           main] .b.t.c.SpringBootTestContextBootstrapper : Neither @ContextConfiguration nor @ContextHierarchy found for test class [com.myorg.course.integration.StudentIntegrationTest], using SpringBootContextLoader
2019-05-20 17:51:36.065  INFO 48302 --- [           main] o.s.t.c.support.AbstractContextLoader    : Could not detect default resource locations for test class [com.myorg.course.integration.StudentIntegrationTest]: no resource found for suffixes {-context.xml, Context.groovy}.
2019-05-20 17:51:36.070  INFO 48302 --- [           main] .b.t.c.SpringBootTestContextBootstrapper : Loaded default TestExecutionListener class names from location [META-INF/spring.factories]: [org.springframework.boot.test.mock.mockito.MockitoTestExecutionListener, org.springframework.boot.test.mock.mockito.ResetMocksTestExecutionListener, org.springframework.boot.test.autoconfigure.restdocs.RestDocsTestExecutionListener, org.springframework.boot.test.autoconfigure.web.client.MockRestServiceServerResetTestExecutionListener, org.springframework.boot.test.autoconfigure.web.servlet.MockMvcPrintOnlyOnFailureTestExecutionListener, org.springframework.boot.test.autoconfigure.web.servlet.WebDriverTestExecutionListener, org.springframework.test.context.web.ServletTestExecutionListener, org.springframework.test.context.support.DirtiesContextBeforeModesTestExecutionListener, org.springframework.test.context.support.DependencyInjectionTestExecutionListener, org.springframework.test.context.support.DirtiesContextTestExecutionListener, org.springframework.test.context.transaction.TransactionalTestExecutionListener, org.springframework.test.context.jdbc.SqlScriptsTestExecutionListener]
2019-05-20 17:51:36.070  INFO 48302 --- [           main] .b.t.c.SpringBootTestContextBootstrapper : Using TestExecutionListeners: [org.springframework.test.context.web.ServletTestExecutionListener@40ac0a56, org.springframework.test.context.support.DirtiesContextBeforeModesTestExecutionListener@25b4754a, org.springframework.boot.test.mock.mockito.MockitoTestExecutionListener@6ec3a4c2, org.springframework.boot.test.autoconfigure.SpringBootDependencyInjectionTestExecutionListener@bb50de6, org.springframework.test.context.support.DirtiesContextTestExecutionListener@2b6b487c, org.springframework.test.context.transaction.TransactionalTestExecutionListener@2d73767e, org.springframework.test.context.jdbc.SqlScriptsTestExecutionListener@5e6522a6, org.springframework.boot.test.mock.mockito.ResetMocksTestExecutionListener@7d1cdeb1, org.springframework.boot.test.autoconfigure.restdocs.RestDocsTestExecutionListener@c4551c6, org.springframework.boot.test.autoconfigure.web.client.MockRestServiceServerResetTestExecutionListener@3a3316b6, org.springframework.boot.test.autoconfigure.web.servlet.MockMvcPrintOnlyOnFailureTestExecutionListener@4db46344, org.springframework.boot.test.autoconfigure.web.servlet.WebDriverTestExecutionListener@56c6d515]
2019-05-20 17:51:36.083 ERROR 48302 --- [           main] o.s.test.context.TestContextManager      : Caught exception while allowing TestExecutionListener [org.springframework.boot.test.autoconfigure.SpringBootDependencyInjectionTestExecutionListener@bb50de6] to prepare test instance [com.myorg.course.integration.StudentIntegrationTest@528f5b7f]

org.springframework.beans.factory.UnsatisfiedDependencyException: Error creating bean with name 'com.myorg.course.integration.StudentIntegrationTest': Unsatisfied dependency expressed through field 'mvc'; nested exception is org.springframework.beans.factory.NoSuchBeanDefinitionException: No qualifying bean of type 'org.springframework.test.web.servlet.MockMvc' available: expected at least 1 bean which qualifies as autowire candidate. Dependency annotations: {@org.springframework.beans.factory.annotation.Autowired(required=true)}
	at org.springframework.beans.factory.annotation.AutowiredAnnotationBeanPostProcessor$AutowiredFieldElement.inject(AutowiredAnnotationBeanPostProcessor.java:587) ~[spring-beans-5.0.5.RELEASE.jar:5.0.5.RELEASE]
	at org.springframework.beans.factory.annotation.InjectionMetadata.inject(InjectionMetadata.java:91) ~[spring-beans-5.0.5.RELEASE.jar:5.0.5.RELEASE]
	at org.springframework.beans.factory.annotation.AutowiredAnnotationBeanPostProcessor.postProcessPropertyValues(AutowiredAnnotationBeanPostProcessor.java:373) ~[spring-beans-5.0.5.RELEASE.jar:5.0.5.RELEASE]
	at org.springframework.beans.factory.support.AbstractAutowireCapableBeanFactory.populateBean(AbstractAutowireCapableBeanFactory.java:1344) ~[spring-beans-5.0.5.RELEASE.jar:5.0.5.RELEASE]
	at org.springframework.beans.factory.support.AbstractAutowireCapableBeanFactory.autowireBeanProperties(AbstractAutowireCapableBeanFactory.java:399) ~[spring-beans-5.0.5.RELEASE.jar:5.0.5.RELEASE]
	at org.springframework.test.context.support.DependencyInjectionTestExecutionListener.injectDependencies(DependencyInjectionTestExecutionListener.java:118) ~[spring-test-5.0.5.RELEASE.jar:5.0.5.RELEASE]
	at org.springframework.test.context.support.DependencyInjectionTestExecutionListener.prepareTestInstance(DependencyInjectionTestExecutionListener.java:83) ~[spring-test-5.0.5.RELEASE.jar:5.0.5.RELEASE]
	at org.springframework.boot.test.autoconfigure.SpringBootDependencyInjectionTestExecutionListener.prepareTestInstance(SpringBootDependencyInjectionTestExecutionListener.java:44) ~[spring-boot-test-autoconfigure-2.0.1.RELEASE.jar:2.0.1.RELEASE]
	at org.springframework.test.context.TestContextManager.prepareTestInstance(TestContextManager.java:246) ~[spring-test-5.0.5.RELEASE.jar:5.0.5.RELEASE]
	at org.springframework.test.context.junit4.SpringJUnit4ClassRunner.createTest(SpringJUnit4ClassRunner.java:227) [spring-test-5.0.5.RELEASE.jar:5.0.5.RELEASE]
	at org.springframework.test.context.junit4.SpringJUnit4ClassRunner$1.runReflectiveCall(SpringJUnit4ClassRunner.java:289) [spring-test-5.0.5.RELEASE.jar:5.0.5.RELEASE]
	at org.junit.internal.runners.model.ReflectiveCallable.run(ReflectiveCallable.java:12) [junit-4.12.jar:4.12]
	at org.springframework.test.context.junit4.SpringJUnit4ClassRunner.methodBlock(SpringJUnit4ClassRunner.java:291) [spring-test-5.0.5.RELEASE.jar:5.0.5.RELEASE]
	at org.springframework.test.context.junit4.SpringJUnit4ClassRunner.runChild(SpringJUnit4ClassRunner.java:246) [spring-test-5.0.5.RELEASE.jar:5.0.5.RELEASE]
	at org.springframework.test.context.junit4.SpringJUnit4ClassRunner.runChild(SpringJUnit4ClassRunner.java:97) [spring-test-5.0.5.RELEASE.jar:5.0.5.RELEASE]
	at org.junit.runners.ParentRunner$3.run(ParentRunner.java:290) [junit-4.12.jar:4.12]
	at org.junit.runners.ParentRunner$1.schedule(ParentRunner.java:71) [junit-4.12.jar:4.12]
	at org.junit.runners.ParentRunner.runChildren(ParentRunner.java:288) [junit-4.12.jar:4.12]
	at org.junit.runners.ParentRunner.access$000(ParentRunner.java:58) [junit-4.12.jar:4.12]
	at org.junit.runners.ParentRunner$2.evaluate(ParentRunner.java:268) [junit-4.12.jar:4.12]
	at org.springframework.test.context.junit4.statements.RunBeforeTestClassCallbacks.evaluate(RunBeforeTestClassCallbacks.java:61) [spring-test-5.0.5.RELEASE.jar:5.0.5.RELEASE]
	at org.springframework.test.context.junit4.statements.RunAfterTestClassCallbacks.evaluate(RunAfterTestClassCallbacks.java:70) [spring-test-5.0.5.RELEASE.jar:5.0.5.RELEASE]
	at org.junit.runners.ParentRunner.run(ParentRunner.java:363) [junit-4.12.jar:4.12]
	at org.springframework.test.context.junit4.SpringJUnit4ClassRunner.run(SpringJUnit4ClassRunner.java:190) [spring-test-5.0.5.RELEASE.jar:5.0.5.RELEASE]
	at org.apache.maven.surefire.junit4.JUnit4Provider.execute(JUnit4Provider.java:365) [surefire-junit4-2.22.0.jar:2.22.0]
	at org.apache.maven.surefire.junit4.JUnit4Provider.executeWithRerun(JUnit4Provider.java:273) [surefire-junit4-2.22.0.jar:2.22.0]
	at org.apache.maven.surefire.junit4.JUnit4Provider.executeTestSet(JUnit4Provider.java:238) [surefire-junit4-2.22.0.jar:2.22.0]
	at org.apache.maven.surefire.junit4.JUnit4Provider.invoke(JUnit4Provider.java:159) [surefire-junit4-2.22.0.jar:2.22.0]
	at org.apache.maven.surefire.booter.ForkedBooter.invokeProviderInSameClassLoader(ForkedBooter.java:383) [surefire-booter-2.22.0.jar:2.22.0]
	at org.apache.maven.surefire.booter.ForkedBooter.runSuitesInProcess(ForkedBooter.java:344) [surefire-booter-2.22.0.jar:2.22.0]
	at org.apache.maven.surefire.booter.ForkedBooter.execute(ForkedBooter.java:125) [surefire-booter-2.22.0.jar:2.22.0]
	at org.apache.maven.surefire.booter.ForkedBooter.main(ForkedBooter.java:417) [surefire-booter-2.22.0.jar:2.22.0]
Caused by: org.springframework.beans.factory.NoSuchBeanDefinitionException: No qualifying bean of type 'org.springframework.test.web.servlet.MockMvc' available: expected at least 1 bean which qualifies as autowire candidate. Dependency annotations: {@org.springframework.beans.factory.annotation.Autowired(required=true)}
	at org.springframework.beans.factory.support.DefaultListableBeanFactory.raiseNoMatchingBeanFound(DefaultListableBeanFactory.java:1509) ~[spring-beans-5.0.5.RELEASE.jar:5.0.5.RELEASE]
	at org.springframework.beans.factory.support.DefaultListableBeanFactory.doResolveDependency(DefaultListableBeanFactory.java:1104) ~[spring-beans-5.0.5.RELEASE.jar:5.0.5.RELEASE]
	at org.springframework.beans.factory.support.DefaultListableBeanFactory.resolveDependency(DefaultListableBeanFactory.java:1065) ~[spring-beans-5.0.5.RELEASE.jar:5.0.5.RELEASE]
	at org.springframework.beans.factory.annotation.AutowiredAnnotationBeanPostProcessor$AutowiredFieldElement.inject(AutowiredAnnotationBeanPostProcessor.java:584) ~[spring-beans-5.0.5.RELEASE.jar:5.0.5.RELEASE]
	... 31 common frames omitted

2019-05-20 17:51:36.097 ERROR 48302 --- [           main] o.s.test.context.TestContextManager      : Caught exception while allowing TestExecutionListener [org.springframework.boot.test.autoconfigure.SpringBootDependencyInjectionTestExecutionListener@bb50de6] to prepare test instance [com.myorg.course.integration.StudentIntegrationTest@5c41b8d8]

org.springframework.beans.factory.UnsatisfiedDependencyException: Error creating bean with name 'com.myorg.course.integration.StudentIntegrationTest': Unsatisfied dependency expressed through field 'mvc'; nested exception is org.springframework.beans.factory.NoSuchBeanDefinitionException: No qualifying bean of type 'org.springframework.test.web.servlet.MockMvc' available: expected at least 1 bean which qualifies as autowire candidate. Dependency annotations: {@org.springframework.beans.factory.annotation.Autowired(required=true)}
	at org.springframework.beans.factory.annotation.AutowiredAnnotationBeanPostProcessor$AutowiredFieldElement.inject(AutowiredAnnotationBeanPostProcessor.java:587) ~[spring-beans-5.0.5.RELEASE.jar:5.0.5.RELEASE]
	at org.springframework.beans.factory.annotation.InjectionMetadata.inject(InjectionMetadata.java:91) ~[spring-beans-5.0.5.RELEASE.jar:5.0.5.RELEASE]
	at org.springframework.beans.factory.annotation.AutowiredAnnotationBeanPostProcessor.postProcessPropertyValues(AutowiredAnnotationBeanPostProcessor.java:373) ~[spring-beans-5.0.5.RELEASE.jar:5.0.5.RELEASE]
	at org.springframework.beans.factory.support.AbstractAutowireCapableBeanFactory.populateBean(AbstractAutowireCapableBeanFactory.java:1344) ~[spring-beans-5.0.5.RELEASE.jar:5.0.5.RELEASE]
	at org.springframework.beans.factory.support.AbstractAutowireCapableBeanFactory.autowireBeanProperties(AbstractAutowireCapableBeanFactory.java:399) ~[spring-beans-5.0.5.RELEASE.jar:5.0.5.RELEASE]
	at org.springframework.test.context.support.DependencyInjectionTestExecutionListener.injectDependencies(DependencyInjectionTestExecutionListener.java:118) ~[spring-test-5.0.5.RELEASE.jar:5.0.5.RELEASE]
	at org.springframework.test.context.support.DependencyInjectionTestExecutionListener.prepareTestInstance(DependencyInjectionTestExecutionListener.java:83) ~[spring-test-5.0.5.RELEASE.jar:5.0.5.RELEASE]
	at org.springframework.boot.test.autoconfigure.SpringBootDependencyInjectionTestExecutionListener.prepareTestInstance(SpringBootDependencyInjectionTestExecutionListener.java:44) ~[spring-boot-test-autoconfigure-2.0.1.RELEASE.jar:2.0.1.RELEASE]
	at org.springframework.test.context.TestContextManager.prepareTestInstance(TestContextManager.java:246) ~[spring-test-5.0.5.RELEASE.jar:5.0.5.RELEASE]
	at org.springframework.test.context.junit4.SpringJUnit4ClassRunner.createTest(SpringJUnit4ClassRunner.java:227) [spring-test-5.0.5.RELEASE.jar:5.0.5.RELEASE]
	at org.springframework.test.context.junit4.SpringJUnit4ClassRunner$1.runReflectiveCall(SpringJUnit4ClassRunner.java:289) [spring-test-5.0.5.RELEASE.jar:5.0.5.RELEASE]
	at org.junit.internal.runners.model.ReflectiveCallable.run(ReflectiveCallable.java:12) [junit-4.12.jar:4.12]
	at org.springframework.test.context.junit4.SpringJUnit4ClassRunner.methodBlock(SpringJUnit4ClassRunner.java:291) [spring-test-5.0.5.RELEASE.jar:5.0.5.RELEASE]
	at org.springframework.test.context.junit4.SpringJUnit4ClassRunner.runChild(SpringJUnit4ClassRunner.java:246) [spring-test-5.0.5.RELEASE.jar:5.0.5.RELEASE]
	at org.springframework.test.context.junit4.SpringJUnit4ClassRunner.runChild(SpringJUnit4ClassRunner.java:97) [spring-test-5.0.5.RELEASE.jar:5.0.5.RELEASE]
	at org.junit.runners.ParentRunner$3.run(ParentRunner.java:290) [junit-4.12.jar:4.12]
	at org.junit.runners.ParentRunner$1.schedule(ParentRunner.java:71) [junit-4.12.jar:4.12]
	at org.junit.runners.ParentRunner.runChildren(ParentRunner.java:288) [junit-4.12.jar:4.12]
	at org.junit.runners.ParentRunner.access$000(ParentRunner.java:58) [junit-4.12.jar:4.12]
	at org.junit.runners.ParentRunner$2.evaluate(ParentRunner.java:268) [junit-4.12.jar:4.12]
	at org.springframework.test.context.junit4.statements.RunBeforeTestClassCallbacks.evaluate(RunBeforeTestClassCallbacks.java:61) [spring-test-5.0.5.RELEASE.jar:5.0.5.RELEASE]
	at org.springframework.test.context.junit4.statements.RunAfterTestClassCallbacks.evaluate(RunAfterTestClassCallbacks.java:70) [spring-test-5.0.5.RELEASE.jar:5.0.5.RELEASE]
	at org.junit.runners.ParentRunner.run(ParentRunner.java:363) [junit-4.12.jar:4.12]
	at org.springframework.test.context.junit4.SpringJUnit4ClassRunner.run(SpringJUnit4ClassRunner.java:190) [spring-test-5.0.5.RELEASE.jar:5.0.5.RELEASE]
	at org.apache.maven.surefire.junit4.JUnit4Provider.execute(JUnit4Provider.java:365) [surefire-junit4-2.22.0.jar:2.22.0]
	at org.apache.maven.surefire.junit4.JUnit4Provider.executeWithRerun(JUnit4Provider.java:273) [surefire-junit4-2.22.0.jar:2.22.0]
	at org.apache.maven.surefire.junit4.JUnit4Provider.executeTestSet(JUnit4Provider.java:238) [surefire-junit4-2.22.0.jar:2.22.0]
	at org.apache.maven.surefire.junit4.JUnit4Provider.invoke(JUnit4Provider.java:159) [surefire-junit4-2.22.0.jar:2.22.0]
	at org.apache.maven.surefire.booter.ForkedBooter.invokeProviderInSameClassLoader(ForkedBooter.java:383) [surefire-booter-2.22.0.jar:2.22.0]
	at org.apache.maven.surefire.booter.ForkedBooter.runSuitesInProcess(ForkedBooter.java:344) [surefire-booter-2.22.0.jar:2.22.0]
	at org.apache.maven.surefire.booter.ForkedBooter.execute(ForkedBooter.java:125) [surefire-booter-2.22.0.jar:2.22.0]
	at org.apache.maven.surefire.booter.ForkedBooter.main(ForkedBooter.java:417) [surefire-booter-2.22.0.jar:2.22.0]
Caused by: org.springframework.beans.factory.NoSuchBeanDefinitionException: No qualifying bean of type 'org.springframework.test.web.servlet.MockMvc' available: expected at least 1 bean which qualifies as autowire candidate. Dependency annotations: {@org.springframework.beans.factory.annotation.Autowired(required=true)}
	at org.springframework.beans.factory.support.DefaultListableBeanFactory.raiseNoMatchingBeanFound(DefaultListableBeanFactory.java:1509) ~[spring-beans-5.0.5.RELEASE.jar:5.0.5.RELEASE]
	at org.springframework.beans.factory.support.DefaultListableBeanFactory.doResolveDependency(DefaultListableBeanFactory.java:1104) ~[spring-beans-5.0.5.RELEASE.jar:5.0.5.RELEASE]
	at org.springframework.beans.factory.support.DefaultListableBeanFactory.resolveDependency(DefaultListableBeanFactory.java:1065) ~[spring-beans-5.0.5.RELEASE.jar:5.0.5.RELEASE]
	at org.springframework.beans.factory.annotation.AutowiredAnnotationBeanPostProcessor$AutowiredFieldElement.inject(AutowiredAnnotationBeanPostProcessor.java:584) ~[spring-beans-5.0.5.RELEASE.jar:5.0.5.RELEASE]
	... 31 common frames omitted

[ERROR] Tests run: 2, Failures: 0, Errors: 2, Skipped: 0, Time elapsed: 0.462 s <<< FAILURE! - in com.myorg.course.integration.StudentIntegrationTest
[ERROR] registerTest(com.myorg.course.integration.StudentIntegrationTest)  Time elapsed: 0.001 s  <<< ERROR!
org.springframework.beans.factory.UnsatisfiedDependencyException: Error creating bean with name 'com.myorg.course.integration.StudentIntegrationTest': Unsatisfied dependency expressed through field 'mvc'; nested exception is org.springframework.beans.factory.NoSuchBeanDefinitionException: No qualifying bean of type 'org.springframework.test.web.servlet.MockMvc' available: expected at least 1 bean which qualifies as autowire candidate. Dependency annotations: {@org.springframework.beans.factory.annotation.Autowired(required=true)}
Caused by: org.springframework.beans.factory.NoSuchBeanDefinitionException: No qualifying bean of type 'org.springframework.test.web.servlet.MockMvc' available: expected at least 1 bean which qualifies as autowire candidate. Dependency annotations: {@org.springframework.beans.factory.annotation.Autowired(required=true)}

[ERROR] unregisterTest(com.myorg.course.integration.StudentIntegrationTest)  Time elapsed: 0.001 s  <<< ERROR!
org.springframework.beans.factory.UnsatisfiedDependencyException: Error creating bean with name 'com.myorg.course.integration.StudentIntegrationTest': Unsatisfied dependency expressed through field 'mvc'; nested exception is org.springframework.beans.factory.NoSuchBeanDefinitionException: No qualifying bean of type 'org.springframework.test.web.servlet.MockMvc' available: expected at least 1 bean which qualifies as autowire candidate. Dependency annotations: {@org.springframework.beans.factory.annotation.Autowired(required=true)}
Caused by: org.springframework.beans.factory.NoSuchBeanDefinitionException: No qualifying bean of type 'org.springframework.test.web.servlet.MockMvc' available: expected at least 1 bean which qualifies as autowire candidate. Dependency annotations: {@org.springframework.beans.factory.annotation.Autowired(required=true)}

[INFO] Running com.myorg.course.controller.StudentControllerTest
2019-05-20 17:51:36.118  INFO 48302 --- [           main] .b.t.c.SpringBootTestContextBootstrapper : Neither @ContextConfiguration nor @ContextHierarchy found for test class [com.myorg.course.controller.StudentControllerTest], using SpringBootContextLoader
2019-05-20 17:51:36.123  INFO 48302 --- [           main] o.s.t.c.support.AbstractContextLoader    : Could not detect default resource locations for test class [com.myorg.course.controller.StudentControllerTest]: no resource found for suffixes {-context.xml, Context.groovy}.
2019-05-20 17:51:36.135  INFO 48302 --- [           main] .b.t.c.SpringBootTestContextBootstrapper : Loaded default TestExecutionListener class names from location [META-INF/spring.factories]: [org.springframework.boot.test.mock.mockito.MockitoTestExecutionListener, org.springframework.boot.test.mock.mockito.ResetMocksTestExecutionListener, org.springframework.boot.test.autoconfigure.restdocs.RestDocsTestExecutionListener, org.springframework.boot.test.autoconfigure.web.client.MockRestServiceServerResetTestExecutionListener, org.springframework.boot.test.autoconfigure.web.servlet.MockMvcPrintOnlyOnFailureTestExecutionListener, org.springframework.boot.test.autoconfigure.web.servlet.WebDriverTestExecutionListener, org.springframework.test.context.web.ServletTestExecutionListener, org.springframework.test.context.support.DirtiesContextBeforeModesTestExecutionListener, org.springframework.test.context.support.DependencyInjectionTestExecutionListener, org.springframework.test.context.support.DirtiesContextTestExecutionListener, org.springframework.test.context.transaction.TransactionalTestExecutionListener, org.springframework.test.context.jdbc.SqlScriptsTestExecutionListener]
2019-05-20 17:51:36.135  INFO 48302 --- [           main] .b.t.c.SpringBootTestContextBootstrapper : Using TestExecutionListeners: [org.springframework.test.context.web.ServletTestExecutionListener@5256fbc, org.springframework.test.context.support.DirtiesContextBeforeModesTestExecutionListener@58f50dd0, org.springframework.boot.test.mock.mockito.MockitoTestExecutionListener@3620eab, org.springframework.boot.test.autoconfigure.SpringBootDependencyInjectionTestExecutionListener@8ef1d58, org.springframework.test.context.support.DirtiesContextTestExecutionListener@2619cb76, org.springframework.test.context.transaction.TransactionalTestExecutionListener@56f2c9e8, org.springframework.test.context.jdbc.SqlScriptsTestExecutionListener@457692cb, org.springframework.boot.test.mock.mockito.ResetMocksTestExecutionListener@350342e0, org.springframework.boot.test.autoconfigure.restdocs.RestDocsTestExecutionListener@5d297d4d, org.springframework.boot.test.autoconfigure.web.client.MockRestServiceServerResetTestExecutionListener@1dd44289, org.springframework.boot.test.autoconfigure.web.servlet.MockMvcPrintOnlyOnFailureTestExecutionListener@6cc56b32, org.springframework.boot.test.autoconfigure.web.servlet.WebDriverTestExecutionListener@43fe2008]

  .   ____          _            __ _ _
 /\\ / ___'_ __ _ _(_)_ __  __ _ \ \ \ \
( ( )\___ | '_ | '_| | '_ \/ _` | \ \ \ \
 \\/  ___)| |_)| | | | | || (_| |  ) ) ) )
  '  |____| .__|_| |_|_| |_\__, | / / / /
 =========|_|==============|___/=/_/_/_/
 :: Spring Boot ::        (v2.0.1.RELEASE)

2019-05-20 17:51:36.202  INFO 48302 --- [           main] c.m.c.controller.StudentControllerTest   : Starting StudentControllerTest on m-C02VN0QDG8WN with PID 48302 (started by s0s01ts in /Users/s0s01ts/Downloads/IDEAWorkspace/course)
2019-05-20 17:51:36.203  INFO 48302 --- [           main] c.m.c.controller.StudentControllerTest   : The following profiles are active: test
2019-05-20 17:51:36.208  INFO 48302 --- [           main] o.s.w.c.s.GenericWebApplicationContext   : Refreshing org.springframework.web.context.support.GenericWebApplicationContext@4b61e97: startup date [Mon May 20 17:51:36 IST 2019]; root of context hierarchy
2019-05-20 17:51:37.178  INFO 48302 --- [           main] trationDelegate$BeanPostProcessorChecker : Bean 'org.springframework.transaction.annotation.ProxyTransactionManagementConfiguration' of type [org.springframework.transaction.annotation.ProxyTransactionManagementConfiguration$$EnhancerBySpringCGLIB$$fef736d7] is not eligible for getting processed by all BeanPostProcessors (for example: not eligible for auto-proxying)
2019-05-20 17:51:37.254  INFO 48302 --- [           main] com.zaxxer.hikari.HikariDataSource       : HikariPool-2 - Starting...
2019-05-20 17:51:37.255  INFO 48302 --- [           main] com.zaxxer.hikari.HikariDataSource       : HikariPool-2 - Start completed.
2019-05-20 17:51:37.268  INFO 48302 --- [           main] j.LocalContainerEntityManagerFactoryBean : Building JPA container EntityManagerFactory for persistence unit 'default'
2019-05-20 17:51:37.268  INFO 48302 --- [           main] o.hibernate.jpa.internal.util.LogHelper  : HHH000204: Processing PersistenceUnitInfo [
	name: default
	...]
2019-05-20 17:51:37.274  INFO 48302 --- [           main] org.hibernate.dialect.Dialect            : HHH000400: Using dialect: org.hibernate.dialect.H2Dialect
2019-05-20 17:51:37.332  INFO 48302 --- [           main] j.LocalContainerEntityManagerFactoryBean : Initialized JPA EntityManagerFactory for persistence unit 'default'
2019-05-20 17:51:37.556  WARN 48302 --- [           main] aWebConfiguration$JpaWebMvcConfiguration : spring.jpa.open-in-view is enabled by default. Therefore, database queries may be performed during view rendering. Explicitly configure spring.jpa.open-in-view to disable this warning
2019-05-20 17:51:37.590  INFO 48302 --- [           main] s.w.s.m.m.a.RequestMappingHandlerMapping : Mapped "{[/course/add],methods=[POST]}" onto public org.springframework.http.ResponseEntity com.myorg.course.controller.CourseController.add(com.myorg.course.dao.Course)
2019-05-20 17:51:37.591  INFO 48302 --- [           main] s.w.s.m.m.a.RequestMappingHandlerMapping : Mapped "{[/course/view]}" onto public org.springframework.http.ResponseEntity<java.util.List<com.myorg.course.dao.Course>> com.myorg.course.controller.CourseController.get()
2019-05-20 17:51:37.593  INFO 48302 --- [           main] s.w.s.m.m.a.RequestMappingHandlerMapping : Mapped "{[/student/view/{email}]}" onto public org.springframework.http.ResponseEntity<java.util.Set<com.myorg.course.dao.Course>> com.myorg.course.controller.StudentController.get(java.lang.String)
2019-05-20 17:51:37.593  INFO 48302 --- [           main] s.w.s.m.m.a.RequestMappingHandlerMapping : Mapped "{[/student/register]}" onto public org.springframework.http.ResponseEntity<java.util.Map> com.myorg.course.controller.StudentController.register(com.myorg.course.dto.RegisterRequest)
2019-05-20 17:51:37.593  INFO 48302 --- [           main] s.w.s.m.m.a.RequestMappingHandlerMapping : Mapped "{[/student/unregister]}" onto public org.springframework.http.ResponseEntity<java.util.Map> com.myorg.course.controller.StudentController.unregister(com.myorg.course.dto.UnregisterRequest)
2019-05-20 17:51:37.598  INFO 48302 --- [           main] s.w.s.m.m.a.RequestMappingHandlerMapping : Mapped "{[/swagger-resources/configuration/ui]}" onto public org.springframework.http.ResponseEntity<springfox.documentation.swagger.web.UiConfiguration> springfox.documentation.swagger.web.ApiResourceController.uiConfiguration()
2019-05-20 17:51:37.598  INFO 48302 --- [           main] s.w.s.m.m.a.RequestMappingHandlerMapping : Mapped "{[/swagger-resources/configuration/security]}" onto public org.springframework.http.ResponseEntity<springfox.documentation.swagger.web.SecurityConfiguration> springfox.documentation.swagger.web.ApiResourceController.securityConfiguration()
2019-05-20 17:51:37.598  INFO 48302 --- [           main] s.w.s.m.m.a.RequestMappingHandlerMapping : Mapped "{[/swagger-resources]}" onto public org.springframework.http.ResponseEntity<java.util.List<springfox.documentation.swagger.web.SwaggerResource>> springfox.documentation.swagger.web.ApiResourceController.swaggerResources()
2019-05-20 17:51:37.600  INFO 48302 --- [           main] s.w.s.m.m.a.RequestMappingHandlerMapping : Mapped "{[/error]}" onto public org.springframework.http.ResponseEntity<java.util.Map<java.lang.String, java.lang.Object>> org.springframework.boot.autoconfigure.web.servlet.error.BasicErrorController.error(javax.servlet.http.HttpServletRequest)
2019-05-20 17:51:37.600  INFO 48302 --- [           main] s.w.s.m.m.a.RequestMappingHandlerMapping : Mapped "{[/error],produces=[text/html]}" onto public org.springframework.web.servlet.ModelAndView org.springframework.boot.autoconfigure.web.servlet.error.BasicErrorController.errorHtml(javax.servlet.http.HttpServletRequest,javax.servlet.http.HttpServletResponse)
2019-05-20 17:51:37.675  INFO 48302 --- [           main] pertySourcedRequestMappingHandlerMapping : Mapped URL path [/v2/api-docs] onto method [public org.springframework.http.ResponseEntity<springfox.documentation.spring.web.json.Json> springfox.documentation.swagger2.web.Swagger2Controller.getDocumentation(java.lang.String,javax.servlet.http.HttpServletRequest)]
2019-05-20 17:51:37.780  INFO 48302 --- [           main] o.s.w.s.handler.SimpleUrlHandlerMapping  : Mapped URL path [/**/favicon.ico] onto handler of type [class org.springframework.web.servlet.resource.ResourceHttpRequestHandler]
2019-05-20 17:51:37.865  INFO 48302 --- [           main] s.w.s.m.m.a.RequestMappingHandlerAdapter : Looking for @ControllerAdvice: org.springframework.web.context.support.GenericWebApplicationContext@4b61e97: startup date [Mon May 20 17:51:36 IST 2019]; root of context hierarchy
2019-05-20 17:51:37.887  INFO 48302 --- [           main] o.s.w.s.handler.SimpleUrlHandlerMapping  : Mapped URL path [/webjars/**] onto handler of type [class org.springframework.web.servlet.resource.ResourceHttpRequestHandler]
2019-05-20 17:51:37.887  INFO 48302 --- [           main] o.s.w.s.handler.SimpleUrlHandlerMapping  : Mapped URL path [/**] onto handler of type [class org.springframework.web.servlet.resource.ResourceHttpRequestHandler]
2019-05-20 17:51:38.028  INFO 48302 --- [           main] o.s.c.support.DefaultLifecycleProcessor  : Starting beans in phase 2147483647
2019-05-20 17:51:38.028  INFO 48302 --- [           main] d.s.w.p.DocumentationPluginsBootstrapper : Context refreshed
2019-05-20 17:51:38.029  INFO 48302 --- [           main] d.s.w.p.DocumentationPluginsBootstrapper : Found 1 custom documentation plugin(s)
2019-05-20 17:51:38.035  INFO 48302 --- [           main] s.d.s.w.s.ApiListingReferenceScanner     : Scanning for api listing references
2019-05-20 17:51:38.082  INFO 48302 --- [           main] .d.s.w.r.o.CachingOperationNameGenerator : Generating unique operation named: getUsingGET_1
2019-05-20 17:51:38.085  INFO 48302 --- [           main] .d.s.w.r.o.CachingOperationNameGenerator : Generating unique operation named: getUsingHEAD_1
2019-05-20 17:51:38.087  INFO 48302 --- [           main] .d.s.w.r.o.CachingOperationNameGenerator : Generating unique operation named: getUsingPOST_1
2019-05-20 17:51:38.089  INFO 48302 --- [           main] .d.s.w.r.o.CachingOperationNameGenerator : Generating unique operation named: getUsingPUT_1
2019-05-20 17:51:38.091  INFO 48302 --- [           main] .d.s.w.r.o.CachingOperationNameGenerator : Generating unique operation named: getUsingPATCH_1
2019-05-20 17:51:38.092  INFO 48302 --- [           main] .d.s.w.r.o.CachingOperationNameGenerator : Generating unique operation named: getUsingDELETE_1
2019-05-20 17:51:38.095  INFO 48302 --- [           main] .d.s.w.r.o.CachingOperationNameGenerator : Generating unique operation named: getUsingOPTIONS_1
2019-05-20 17:51:38.097  INFO 48302 --- [           main] .d.s.w.r.o.CachingOperationNameGenerator : Generating unique operation named: getUsingTRACE_1
2019-05-20 17:51:38.129  INFO 48302 --- [           main] c.m.c.controller.StudentControllerTest   : Started StudentControllerTest in 1.983 seconds (JVM running for 8.798)
2019-05-20 17:51:38.147 ERROR 48302 --- [           main] o.s.test.context.TestContextManager      : Caught exception while allowing TestExecutionListener [org.springframework.boot.test.autoconfigure.SpringBootDependencyInjectionTestExecutionListener@8ef1d58] to prepare test instance [com.myorg.course.controller.StudentControllerTest@7fd4b9ec]

org.springframework.beans.factory.UnsatisfiedDependencyException: Error creating bean with name 'com.myorg.course.controller.StudentControllerTest': Unsatisfied dependency expressed through field 'mvc'; nested exception is org.springframework.beans.factory.NoSuchBeanDefinitionException: No qualifying bean of type 'org.springframework.test.web.servlet.MockMvc' available: expected at least 1 bean which qualifies as autowire candidate. Dependency annotations: {@org.springframework.beans.factory.annotation.Autowired(required=true)}
	at org.springframework.beans.factory.annotation.AutowiredAnnotationBeanPostProcessor$AutowiredFieldElement.inject(AutowiredAnnotationBeanPostProcessor.java:587) ~[spring-beans-5.0.5.RELEASE.jar:5.0.5.RELEASE]
	at org.springframework.beans.factory.annotation.InjectionMetadata.inject(InjectionMetadata.java:91) ~[spring-beans-5.0.5.RELEASE.jar:5.0.5.RELEASE]
	at org.springframework.beans.factory.annotation.AutowiredAnnotationBeanPostProcessor.postProcessPropertyValues(AutowiredAnnotationBeanPostProcessor.java:373) ~[spring-beans-5.0.5.RELEASE.jar:5.0.5.RELEASE]
	at org.springframework.beans.factory.support.AbstractAutowireCapableBeanFactory.populateBean(AbstractAutowireCapableBeanFactory.java:1344) ~[spring-beans-5.0.5.RELEASE.jar:5.0.5.RELEASE]
	at org.springframework.beans.factory.support.AbstractAutowireCapableBeanFactory.autowireBeanProperties(AbstractAutowireCapableBeanFactory.java:399) ~[spring-beans-5.0.5.RELEASE.jar:5.0.5.RELEASE]
	at org.springframework.test.context.support.DependencyInjectionTestExecutionListener.injectDependencies(DependencyInjectionTestExecutionListener.java:118) ~[spring-test-5.0.5.RELEASE.jar:5.0.5.RELEASE]
	at org.springframework.test.context.support.DependencyInjectionTestExecutionListener.prepareTestInstance(DependencyInjectionTestExecutionListener.java:83) ~[spring-test-5.0.5.RELEASE.jar:5.0.5.RELEASE]
	at org.springframework.boot.test.autoconfigure.SpringBootDependencyInjectionTestExecutionListener.prepareTestInstance(SpringBootDependencyInjectionTestExecutionListener.java:44) ~[spring-boot-test-autoconfigure-2.0.1.RELEASE.jar:2.0.1.RELEASE]
	at org.springframework.test.context.TestContextManager.prepareTestInstance(TestContextManager.java:246) ~[spring-test-5.0.5.RELEASE.jar:5.0.5.RELEASE]
	at org.springframework.test.context.junit4.SpringJUnit4ClassRunner.createTest(SpringJUnit4ClassRunner.java:227) [spring-test-5.0.5.RELEASE.jar:5.0.5.RELEASE]
	at org.springframework.test.context.junit4.SpringJUnit4ClassRunner$1.runReflectiveCall(SpringJUnit4ClassRunner.java:289) [spring-test-5.0.5.RELEASE.jar:5.0.5.RELEASE]
	at org.junit.internal.runners.model.ReflectiveCallable.run(ReflectiveCallable.java:12) [junit-4.12.jar:4.12]
	at org.springframework.test.context.junit4.SpringJUnit4ClassRunner.methodBlock(SpringJUnit4ClassRunner.java:291) [spring-test-5.0.5.RELEASE.jar:5.0.5.RELEASE]
	at org.springframework.test.context.junit4.SpringJUnit4ClassRunner.runChild(SpringJUnit4ClassRunner.java:246) [spring-test-5.0.5.RELEASE.jar:5.0.5.RELEASE]
	at org.springframework.test.context.junit4.SpringJUnit4ClassRunner.runChild(SpringJUnit4ClassRunner.java:97) [spring-test-5.0.5.RELEASE.jar:5.0.5.RELEASE]
	at org.junit.runners.ParentRunner$3.run(ParentRunner.java:290) [junit-4.12.jar:4.12]
	at org.junit.runners.ParentRunner$1.schedule(ParentRunner.java:71) [junit-4.12.jar:4.12]
	at org.junit.runners.ParentRunner.runChildren(ParentRunner.java:288) [junit-4.12.jar:4.12]
	at org.junit.runners.ParentRunner.access$000(ParentRunner.java:58) [junit-4.12.jar:4.12]
	at org.junit.runners.ParentRunner$2.evaluate(ParentRunner.java:268) [junit-4.12.jar:4.12]
	at org.springframework.test.context.junit4.statements.RunBeforeTestClassCallbacks.evaluate(RunBeforeTestClassCallbacks.java:61) [spring-test-5.0.5.RELEASE.jar:5.0.5.RELEASE]
	at org.springframework.test.context.junit4.statements.RunAfterTestClassCallbacks.evaluate(RunAfterTestClassCallbacks.java:70) [spring-test-5.0.5.RELEASE.jar:5.0.5.RELEASE]
	at org.junit.runners.ParentRunner.run(ParentRunner.java:363) [junit-4.12.jar:4.12]
	at org.springframework.test.context.junit4.SpringJUnit4ClassRunner.run(SpringJUnit4ClassRunner.java:190) [spring-test-5.0.5.RELEASE.jar:5.0.5.RELEASE]
	at org.apache.maven.surefire.junit4.JUnit4Provider.execute(JUnit4Provider.java:365) [surefire-junit4-2.22.0.jar:2.22.0]
	at org.apache.maven.surefire.junit4.JUnit4Provider.executeWithRerun(JUnit4Provider.java:273) [surefire-junit4-2.22.0.jar:2.22.0]
	at org.apache.maven.surefire.junit4.JUnit4Provider.executeTestSet(JUnit4Provider.java:238) [surefire-junit4-2.22.0.jar:2.22.0]
	at org.apache.maven.surefire.junit4.JUnit4Provider.invoke(JUnit4Provider.java:159) [surefire-junit4-2.22.0.jar:2.22.0]
	at org.apache.maven.surefire.booter.ForkedBooter.invokeProviderInSameClassLoader(ForkedBooter.java:383) [surefire-booter-2.22.0.jar:2.22.0]
	at org.apache.maven.surefire.booter.ForkedBooter.runSuitesInProcess(ForkedBooter.java:344) [surefire-booter-2.22.0.jar:2.22.0]
	at org.apache.maven.surefire.booter.ForkedBooter.execute(ForkedBooter.java:125) [surefire-booter-2.22.0.jar:2.22.0]
	at org.apache.maven.surefire.booter.ForkedBooter.main(ForkedBooter.java:417) [surefire-booter-2.22.0.jar:2.22.0]
Caused by: org.springframework.beans.factory.NoSuchBeanDefinitionException: No qualifying bean of type 'org.springframework.test.web.servlet.MockMvc' available: expected at least 1 bean which qualifies as autowire candidate. Dependency annotations: {@org.springframework.beans.factory.annotation.Autowired(required=true)}
	at org.springframework.beans.factory.support.DefaultListableBeanFactory.raiseNoMatchingBeanFound(DefaultListableBeanFactory.java:1509) ~[spring-beans-5.0.5.RELEASE.jar:5.0.5.RELEASE]
	at org.springframework.beans.factory.support.DefaultListableBeanFactory.doResolveDependency(DefaultListableBeanFactory.java:1104) ~[spring-beans-5.0.5.RELEASE.jar:5.0.5.RELEASE]
	at org.springframework.beans.factory.support.DefaultListableBeanFactory.resolveDependency(DefaultListableBeanFactory.java:1065) ~[spring-beans-5.0.5.RELEASE.jar:5.0.5.RELEASE]
	at org.springframework.beans.factory.annotation.AutowiredAnnotationBeanPostProcessor$AutowiredFieldElement.inject(AutowiredAnnotationBeanPostProcessor.java:584) ~[spring-beans-5.0.5.RELEASE.jar:5.0.5.RELEASE]
	... 31 common frames omitted

2019-05-20 17:51:38.155 ERROR 48302 --- [           main] o.s.test.context.TestContextManager      : Caught exception while allowing TestExecutionListener [org.springframework.boot.test.autoconfigure.SpringBootDependencyInjectionTestExecutionListener@8ef1d58] to prepare test instance [com.myorg.course.controller.StudentControllerTest@3c8e4a82]

org.springframework.beans.factory.UnsatisfiedDependencyException: Error creating bean with name 'com.myorg.course.controller.StudentControllerTest': Unsatisfied dependency expressed through field 'mvc'; nested exception is org.springframework.beans.factory.NoSuchBeanDefinitionException: No qualifying bean of type 'org.springframework.test.web.servlet.MockMvc' available: expected at least 1 bean which qualifies as autowire candidate. Dependency annotations: {@org.springframework.beans.factory.annotation.Autowired(required=true)}
	at org.springframework.beans.factory.annotation.AutowiredAnnotationBeanPostProcessor$AutowiredFieldElement.inject(AutowiredAnnotationBeanPostProcessor.java:587) ~[spring-beans-5.0.5.RELEASE.jar:5.0.5.RELEASE]
	at org.springframework.beans.factory.annotation.InjectionMetadata.inject(InjectionMetadata.java:91) ~[spring-beans-5.0.5.RELEASE.jar:5.0.5.RELEASE]
	at org.springframework.beans.factory.annotation.AutowiredAnnotationBeanPostProcessor.postProcessPropertyValues(AutowiredAnnotationBeanPostProcessor.java:373) ~[spring-beans-5.0.5.RELEASE.jar:5.0.5.RELEASE]
	at org.springframework.beans.factory.support.AbstractAutowireCapableBeanFactory.populateBean(AbstractAutowireCapableBeanFactory.java:1344) ~[spring-beans-5.0.5.RELEASE.jar:5.0.5.RELEASE]
	at org.springframework.beans.factory.support.AbstractAutowireCapableBeanFactory.autowireBeanProperties(AbstractAutowireCapableBeanFactory.java:399) ~[spring-beans-5.0.5.RELEASE.jar:5.0.5.RELEASE]
	at org.springframework.test.context.support.DependencyInjectionTestExecutionListener.injectDependencies(DependencyInjectionTestExecutionListener.java:118) ~[spring-test-5.0.5.RELEASE.jar:5.0.5.RELEASE]
	at org.springframework.test.context.support.DependencyInjectionTestExecutionListener.prepareTestInstance(DependencyInjectionTestExecutionListener.java:83) ~[spring-test-5.0.5.RELEASE.jar:5.0.5.RELEASE]
	at org.springframework.boot.test.autoconfigure.SpringBootDependencyInjectionTestExecutionListener.prepareTestInstance(SpringBootDependencyInjectionTestExecutionListener.java:44) ~[spring-boot-test-autoconfigure-2.0.1.RELEASE.jar:2.0.1.RELEASE]
	at org.springframework.test.context.TestContextManager.prepareTestInstance(TestContextManager.java:246) ~[spring-test-5.0.5.RELEASE.jar:5.0.5.RELEASE]
	at org.springframework.test.context.junit4.SpringJUnit4ClassRunner.createTest(SpringJUnit4ClassRunner.java:227) [spring-test-5.0.5.RELEASE.jar:5.0.5.RELEASE]
	at org.springframework.test.context.junit4.SpringJUnit4ClassRunner$1.runReflectiveCall(SpringJUnit4ClassRunner.java:289) [spring-test-5.0.5.RELEASE.jar:5.0.5.RELEASE]
	at org.junit.internal.runners.model.ReflectiveCallable.run(ReflectiveCallable.java:12) [junit-4.12.jar:4.12]
	at org.springframework.test.context.junit4.SpringJUnit4ClassRunner.methodBlock(SpringJUnit4ClassRunner.java:291) [spring-test-5.0.5.RELEASE.jar:5.0.5.RELEASE]
	at org.springframework.test.context.junit4.SpringJUnit4ClassRunner.runChild(SpringJUnit4ClassRunner.java:246) [spring-test-5.0.5.RELEASE.jar:5.0.5.RELEASE]
	at org.springframework.test.context.junit4.SpringJUnit4ClassRunner.runChild(SpringJUnit4ClassRunner.java:97) [spring-test-5.0.5.RELEASE.jar:5.0.5.RELEASE]
	at org.junit.runners.ParentRunner$3.run(ParentRunner.java:290) [junit-4.12.jar:4.12]
	at org.junit.runners.ParentRunner$1.schedule(ParentRunner.java:71) [junit-4.12.jar:4.12]
	at org.junit.runners.ParentRunner.runChildren(ParentRunner.java:288) [junit-4.12.jar:4.12]
	at org.junit.runners.ParentRunner.access$000(ParentRunner.java:58) [junit-4.12.jar:4.12]
	at org.junit.runners.ParentRunner$2.evaluate(ParentRunner.java:268) [junit-4.12.jar:4.12]
	at org.springframework.test.context.junit4.statements.RunBeforeTestClassCallbacks.evaluate(RunBeforeTestClassCallbacks.java:61) [spring-test-5.0.5.RELEASE.jar:5.0.5.RELEASE]
	at org.springframework.test.context.junit4.statements.RunAfterTestClassCallbacks.evaluate(RunAfterTestClassCallbacks.java:70) [spring-test-5.0.5.RELEASE.jar:5.0.5.RELEASE]
	at org.junit.runners.ParentRunner.run(ParentRunner.java:363) [junit-4.12.jar:4.12]
	at org.springframework.test.context.junit4.SpringJUnit4ClassRunner.run(SpringJUnit4ClassRunner.java:190) [spring-test-5.0.5.RELEASE.jar:5.0.5.RELEASE]
	at org.apache.maven.surefire.junit4.JUnit4Provider.execute(JUnit4Provider.java:365) [surefire-junit4-2.22.0.jar:2.22.0]
	at org.apache.maven.surefire.junit4.JUnit4Provider.executeWithRerun(JUnit4Provider.java:273) [surefire-junit4-2.22.0.jar:2.22.0]
	at org.apache.maven.surefire.junit4.JUnit4Provider.executeTestSet(JUnit4Provider.java:238) [surefire-junit4-2.22.0.jar:2.22.0]
	at org.apache.maven.surefire.junit4.JUnit4Provider.invoke(JUnit4Provider.java:159) [surefire-junit4-2.22.0.jar:2.22.0]
	at org.apache.maven.surefire.booter.ForkedBooter.invokeProviderInSameClassLoader(ForkedBooter.java:383) [surefire-booter-2.22.0.jar:2.22.0]
	at org.apache.maven.surefire.booter.ForkedBooter.runSuitesInProcess(ForkedBooter.java:344) [surefire-booter-2.22.0.jar:2.22.0]
	at org.apache.maven.surefire.booter.ForkedBooter.execute(ForkedBooter.java:125) [surefire-booter-2.22.0.jar:2.22.0]
	at org.apache.maven.surefire.booter.ForkedBooter.main(ForkedBooter.java:417) [surefire-booter-2.22.0.jar:2.22.0]
Caused by: org.springframework.beans.factory.NoSuchBeanDefinitionException: No qualifying bean of type 'org.springframework.test.web.servlet.MockMvc' available: expected at least 1 bean which qualifies as autowire candidate. Dependency annotations: {@org.springframework.beans.factory.annotation.Autowired(required=true)}
	at org.springframework.beans.factory.support.DefaultListableBeanFactory.raiseNoMatchingBeanFound(DefaultListableBeanFactory.java:1509) ~[spring-beans-5.0.5.RELEASE.jar:5.0.5.RELEASE]
	at org.springframework.beans.factory.support.DefaultListableBeanFactory.doResolveDependency(DefaultListableBeanFactory.java:1104) ~[spring-beans-5.0.5.RELEASE.jar:5.0.5.RELEASE]
	at org.springframework.beans.factory.support.DefaultListableBeanFactory.resolveDependency(DefaultListableBeanFactory.java:1065) ~[spring-beans-5.0.5.RELEASE.jar:5.0.5.RELEASE]
	at org.springframework.beans.factory.annotation.AutowiredAnnotationBeanPostProcessor$AutowiredFieldElement.inject(AutowiredAnnotationBeanPostProcessor.java:584) ~[spring-beans-5.0.5.RELEASE.jar:5.0.5.RELEASE]
	... 31 common frames omitted

2019-05-20 17:51:38.163 ERROR 48302 --- [           main] o.s.test.context.TestContextManager      : Caught exception while allowing TestExecutionListener [org.springframework.boot.test.autoconfigure.SpringBootDependencyInjectionTestExecutionListener@8ef1d58] to prepare test instance [com.myorg.course.controller.StudentControllerTest@42d7e8bc]

org.springframework.beans.factory.UnsatisfiedDependencyException: Error creating bean with name 'com.myorg.course.controller.StudentControllerTest': Unsatisfied dependency expressed through field 'mvc'; nested exception is org.springframework.beans.factory.NoSuchBeanDefinitionException: No qualifying bean of type 'org.springframework.test.web.servlet.MockMvc' available: expected at least 1 bean which qualifies as autowire candidate. Dependency annotations: {@org.springframework.beans.factory.annotation.Autowired(required=true)}
	at org.springframework.beans.factory.annotation.AutowiredAnnotationBeanPostProcessor$AutowiredFieldElement.inject(AutowiredAnnotationBeanPostProcessor.java:587) ~[spring-beans-5.0.5.RELEASE.jar:5.0.5.RELEASE]
	at org.springframework.beans.factory.annotation.InjectionMetadata.inject(InjectionMetadata.java:91) ~[spring-beans-5.0.5.RELEASE.jar:5.0.5.RELEASE]
	at org.springframework.beans.factory.annotation.AutowiredAnnotationBeanPostProcessor.postProcessPropertyValues(AutowiredAnnotationBeanPostProcessor.java:373) ~[spring-beans-5.0.5.RELEASE.jar:5.0.5.RELEASE]
	at org.springframework.beans.factory.support.AbstractAutowireCapableBeanFactory.populateBean(AbstractAutowireCapableBeanFactory.java:1344) ~[spring-beans-5.0.5.RELEASE.jar:5.0.5.RELEASE]
	at org.springframework.beans.factory.support.AbstractAutowireCapableBeanFactory.autowireBeanProperties(AbstractAutowireCapableBeanFactory.java:399) ~[spring-beans-5.0.5.RELEASE.jar:5.0.5.RELEASE]
	at org.springframework.test.context.support.DependencyInjectionTestExecutionListener.injectDependencies(DependencyInjectionTestExecutionListener.java:118) ~[spring-test-5.0.5.RELEASE.jar:5.0.5.RELEASE]
	at org.springframework.test.context.support.DependencyInjectionTestExecutionListener.prepareTestInstance(DependencyInjectionTestExecutionListener.java:83) ~[spring-test-5.0.5.RELEASE.jar:5.0.5.RELEASE]
	at org.springframework.boot.test.autoconfigure.SpringBootDependencyInjectionTestExecutionListener.prepareTestInstance(SpringBootDependencyInjectionTestExecutionListener.java:44) ~[spring-boot-test-autoconfigure-2.0.1.RELEASE.jar:2.0.1.RELEASE]
	at org.springframework.test.context.TestContextManager.prepareTestInstance(TestContextManager.java:246) ~[spring-test-5.0.5.RELEASE.jar:5.0.5.RELEASE]
	at org.springframework.test.context.junit4.SpringJUnit4ClassRunner.createTest(SpringJUnit4ClassRunner.java:227) [spring-test-5.0.5.RELEASE.jar:5.0.5.RELEASE]
	at org.springframework.test.context.junit4.SpringJUnit4ClassRunner$1.runReflectiveCall(SpringJUnit4ClassRunner.java:289) [spring-test-5.0.5.RELEASE.jar:5.0.5.RELEASE]
	at org.junit.internal.runners.model.ReflectiveCallable.run(ReflectiveCallable.java:12) [junit-4.12.jar:4.12]
	at org.springframework.test.context.junit4.SpringJUnit4ClassRunner.methodBlock(SpringJUnit4ClassRunner.java:291) [spring-test-5.0.5.RELEASE.jar:5.0.5.RELEASE]
	at org.springframework.test.context.junit4.SpringJUnit4ClassRunner.runChild(SpringJUnit4ClassRunner.java:246) [spring-test-5.0.5.RELEASE.jar:5.0.5.RELEASE]
	at org.springframework.test.context.junit4.SpringJUnit4ClassRunner.runChild(SpringJUnit4ClassRunner.java:97) [spring-test-5.0.5.RELEASE.jar:5.0.5.RELEASE]
	at org.junit.runners.ParentRunner$3.run(ParentRunner.java:290) [junit-4.12.jar:4.12]
	at org.junit.runners.ParentRunner$1.schedule(ParentRunner.java:71) [junit-4.12.jar:4.12]
	at org.junit.runners.ParentRunner.runChildren(ParentRunner.java:288) [junit-4.12.jar:4.12]
	at org.junit.runners.ParentRunner.access$000(ParentRunner.java:58) [junit-4.12.jar:4.12]
	at org.junit.runners.ParentRunner$2.evaluate(ParentRunner.java:268) [junit-4.12.jar:4.12]
	at org.springframework.test.context.junit4.statements.RunBeforeTestClassCallbacks.evaluate(RunBeforeTestClassCallbacks.java:61) [spring-test-5.0.5.RELEASE.jar:5.0.5.RELEASE]
	at org.springframework.test.context.junit4.statements.RunAfterTestClassCallbacks.evaluate(RunAfterTestClassCallbacks.java:70) [spring-test-5.0.5.RELEASE.jar:5.0.5.RELEASE]
	at org.junit.runners.ParentRunner.run(ParentRunner.java:363) [junit-4.12.jar:4.12]
	at org.springframework.test.context.junit4.SpringJUnit4ClassRunner.run(SpringJUnit4ClassRunner.java:190) [spring-test-5.0.5.RELEASE.jar:5.0.5.RELEASE]
	at org.apache.maven.surefire.junit4.JUnit4Provider.execute(JUnit4Provider.java:365) [surefire-junit4-2.22.0.jar:2.22.0]
	at org.apache.maven.surefire.junit4.JUnit4Provider.executeWithRerun(JUnit4Provider.java:273) [surefire-junit4-2.22.0.jar:2.22.0]
	at org.apache.maven.surefire.junit4.JUnit4Provider.executeTestSet(JUnit4Provider.java:238) [surefire-junit4-2.22.0.jar:2.22.0]
	at org.apache.maven.surefire.junit4.JUnit4Provider.invoke(JUnit4Provider.java:159) [surefire-junit4-2.22.0.jar:2.22.0]
	at org.apache.maven.surefire.booter.ForkedBooter.invokeProviderInSameClassLoader(ForkedBooter.java:383) [surefire-booter-2.22.0.jar:2.22.0]
	at org.apache.maven.surefire.booter.ForkedBooter.runSuitesInProcess(ForkedBooter.java:344) [surefire-booter-2.22.0.jar:2.22.0]
	at org.apache.maven.surefire.booter.ForkedBooter.execute(ForkedBooter.java:125) [surefire-booter-2.22.0.jar:2.22.0]
	at org.apache.maven.surefire.booter.ForkedBooter.main(ForkedBooter.java:417) [surefire-booter-2.22.0.jar:2.22.0]
Caused by: org.springframework.beans.factory.NoSuchBeanDefinitionException: No qualifying bean of type 'org.springframework.test.web.servlet.MockMvc' available: expected at least 1 bean which qualifies as autowire candidate. Dependency annotations: {@org.springframework.beans.factory.annotation.Autowired(required=true)}
	at org.springframework.beans.factory.support.DefaultListableBeanFactory.raiseNoMatchingBeanFound(DefaultListableBeanFactory.java:1509) ~[spring-beans-5.0.5.RELEASE.jar:5.0.5.RELEASE]
	at org.springframework.beans.factory.support.DefaultListableBeanFactory.doResolveDependency(DefaultListableBeanFactory.java:1104) ~[spring-beans-5.0.5.RELEASE.jar:5.0.5.RELEASE]
	at org.springframework.beans.factory.support.DefaultListableBeanFactory.resolveDependency(DefaultListableBeanFactory.java:1065) ~[spring-beans-5.0.5.RELEASE.jar:5.0.5.RELEASE]
	at org.springframework.beans.factory.annotation.AutowiredAnnotationBeanPostProcessor$AutowiredFieldElement.inject(AutowiredAnnotationBeanPostProcessor.java:584) ~[spring-beans-5.0.5.RELEASE.jar:5.0.5.RELEASE]
	... 31 common frames omitted

[ERROR] Tests run: 3, Failures: 0, Errors: 3, Skipped: 0, Time elapsed: 1.748 s <<< FAILURE! - in com.myorg.course.controller.StudentControllerTest
[ERROR] registerTest(com.myorg.course.controller.StudentControllerTest)  Time elapsed: 0.001 s  <<< ERROR!
org.springframework.beans.factory.UnsatisfiedDependencyException: Error creating bean with name 'com.myorg.course.controller.StudentControllerTest': Unsatisfied dependency expressed through field 'mvc'; nested exception is org.springframework.beans.factory.NoSuchBeanDefinitionException: No qualifying bean of type 'org.springframework.test.web.servlet.MockMvc' available: expected at least 1 bean which qualifies as autowire candidate. Dependency annotations: {@org.springframework.beans.factory.annotation.Autowired(required=true)}
Caused by: org.springframework.beans.factory.NoSuchBeanDefinitionException: No qualifying bean of type 'org.springframework.test.web.servlet.MockMvc' available: expected at least 1 bean which qualifies as autowire candidate. Dependency annotations: {@org.springframework.beans.factory.annotation.Autowired(required=true)}

[ERROR] viewRegistrationTest(com.myorg.course.controller.StudentControllerTest)  Time elapsed: 0 s  <<< ERROR!
org.springframework.beans.factory.UnsatisfiedDependencyException: Error creating bean with name 'com.myorg.course.controller.StudentControllerTest': Unsatisfied dependency expressed through field 'mvc'; nested exception is org.springframework.beans.factory.NoSuchBeanDefinitionException: No qualifying bean of type 'org.springframework.test.web.servlet.MockMvc' available: expected at least 1 bean which qualifies as autowire candidate. Dependency annotations: {@org.springframework.beans.factory.annotation.Autowired(required=true)}
Caused by: org.springframework.beans.factory.NoSuchBeanDefinitionException: No qualifying bean of type 'org.springframework.test.web.servlet.MockMvc' available: expected at least 1 bean which qualifies as autowire candidate. Dependency annotations: {@org.springframework.beans.factory.annotation.Autowired(required=true)}

[ERROR] unregisterTest(com.myorg.course.controller.StudentControllerTest)  Time elapsed: 0 s  <<< ERROR!
org.springframework.beans.factory.UnsatisfiedDependencyException: Error creating bean with name 'com.myorg.course.controller.StudentControllerTest': Unsatisfied dependency expressed through field 'mvc'; nested exception is org.springframework.beans.factory.NoSuchBeanDefinitionException: No qualifying bean of type 'org.springframework.test.web.servlet.MockMvc' available: expected at least 1 bean which qualifies as autowire candidate. Dependency annotations: {@org.springframework.beans.factory.annotation.Autowired(required=true)}
Caused by: org.springframework.beans.factory.NoSuchBeanDefinitionException: No qualifying bean of type 'org.springframework.test.web.servlet.MockMvc' available: expected at least 1 bean which qualifies as autowire candidate. Dependency annotations: {@org.springframework.beans.factory.annotation.Autowired(required=true)}

[INFO] Running com.myorg.course.controller.CourseControllerTest
2019-05-20 17:51:38.166  INFO 48302 --- [           main] .b.t.c.SpringBootTestContextBootstrapper : Neither @ContextConfiguration nor @ContextHierarchy found for test class [com.myorg.course.controller.CourseControllerTest], using SpringBootContextLoader
2019-05-20 17:51:38.166  INFO 48302 --- [           main] o.s.t.c.support.AbstractContextLoader    : Could not detect default resource locations for test class [com.myorg.course.controller.CourseControllerTest]: no resource found for suffixes {-context.xml, Context.groovy}.
2019-05-20 17:51:38.171  INFO 48302 --- [           main] .b.t.c.SpringBootTestContextBootstrapper : Loaded default TestExecutionListener class names from location [META-INF/spring.factories]: [org.springframework.boot.test.mock.mockito.MockitoTestExecutionListener, org.springframework.boot.test.mock.mockito.ResetMocksTestExecutionListener, org.springframework.boot.test.autoconfigure.restdocs.RestDocsTestExecutionListener, org.springframework.boot.test.autoconfigure.web.client.MockRestServiceServerResetTestExecutionListener, org.springframework.boot.test.autoconfigure.web.servlet.MockMvcPrintOnlyOnFailureTestExecutionListener, org.springframework.boot.test.autoconfigure.web.servlet.WebDriverTestExecutionListener, org.springframework.test.context.web.ServletTestExecutionListener, org.springframework.test.context.support.DirtiesContextBeforeModesTestExecutionListener, org.springframework.test.context.support.DependencyInjectionTestExecutionListener, org.springframework.test.context.support.DirtiesContextTestExecutionListener, org.springframework.test.context.transaction.TransactionalTestExecutionListener, org.springframework.test.context.jdbc.SqlScriptsTestExecutionListener]
2019-05-20 17:51:38.172  INFO 48302 --- [           main] .b.t.c.SpringBootTestContextBootstrapper : Using TestExecutionListeners: [org.springframework.test.context.web.ServletTestExecutionListener@58945295, org.springframework.test.context.support.DirtiesContextBeforeModesTestExecutionListener@b63365c, org.springframework.boot.test.mock.mockito.MockitoTestExecutionListener@6839d03b, org.springframework.boot.test.autoconfigure.SpringBootDependencyInjectionTestExecutionListener@a44ad33, org.springframework.test.context.support.DirtiesContextTestExecutionListener@703e5614, org.springframework.test.context.transaction.TransactionalTestExecutionListener@627d5f99, org.springframework.test.context.jdbc.SqlScriptsTestExecutionListener@44e3f3e5, org.springframework.boot.test.mock.mockito.ResetMocksTestExecutionListener@6be1f37f, org.springframework.boot.test.autoconfigure.restdocs.RestDocsTestExecutionListener@69ed96e1, org.springframework.boot.test.autoconfigure.web.client.MockRestServiceServerResetTestExecutionListener@61648dd2, org.springframework.boot.test.autoconfigure.web.servlet.MockMvcPrintOnlyOnFailureTestExecutionListener@3ac326c0, org.springframework.boot.test.autoconfigure.web.servlet.WebDriverTestExecutionListener@5e5d40ec]

  .   ____          _            __ _ _
 /\\ / ___'_ __ _ _(_)_ __  __ _ \ \ \ \
( ( )\___ | '_ | '_| | '_ \/ _` | \ \ \ \
 \\/  ___)| |_)| | | | | || (_| |  ) ) ) )
  '  |____| .__|_| |_|_| |_\__, | / / / /
 =========|_|==============|___/=/_/_/_/
 :: Spring Boot ::        (v2.0.1.RELEASE)

2019-05-20 17:51:38.196  INFO 48302 --- [           main] c.m.c.controller.CourseControllerTest    : Starting CourseControllerTest on m-C02VN0QDG8WN with PID 48302 (started by s0s01ts in /Users/s0s01ts/Downloads/IDEAWorkspace/course)
2019-05-20 17:51:38.196  INFO 48302 --- [           main] c.m.c.controller.CourseControllerTest    : The following profiles are active: test
2019-05-20 17:51:38.199  INFO 48302 --- [           main] o.s.w.c.s.GenericWebApplicationContext   : Refreshing org.springframework.web.context.support.GenericWebApplicationContext@58e7f930: startup date [Mon May 20 17:51:38 IST 2019]; root of context hierarchy
2019-05-20 17:51:38.651  INFO 48302 --- [           main] trationDelegate$BeanPostProcessorChecker : Bean 'org.springframework.transaction.annotation.ProxyTransactionManagementConfiguration' of type [org.springframework.transaction.annotation.ProxyTransactionManagementConfiguration$$EnhancerBySpringCGLIB$$fef736d7] is not eligible for getting processed by all BeanPostProcessors (for example: not eligible for auto-proxying)
2019-05-20 17:51:38.754  INFO 48302 --- [           main] com.zaxxer.hikari.HikariDataSource       : HikariPool-3 - Starting...
2019-05-20 17:51:38.755  INFO 48302 --- [           main] com.zaxxer.hikari.HikariDataSource       : HikariPool-3 - Start completed.
2019-05-20 17:51:38.773  INFO 48302 --- [           main] j.LocalContainerEntityManagerFactoryBean : Building JPA container EntityManagerFactory for persistence unit 'default'
2019-05-20 17:51:38.773  INFO 48302 --- [           main] o.hibernate.jpa.internal.util.LogHelper  : HHH000204: Processing PersistenceUnitInfo [
	name: default
	...]
2019-05-20 17:51:38.782  INFO 48302 --- [           main] org.hibernate.dialect.Dialect            : HHH000400: Using dialect: org.hibernate.dialect.H2Dialect
2019-05-20 17:51:38.841  INFO 48302 --- [           main] j.LocalContainerEntityManagerFactoryBean : Initialized JPA EntityManagerFactory for persistence unit 'default'
2019-05-20 17:51:39.049  WARN 48302 --- [           main] aWebConfiguration$JpaWebMvcConfiguration : spring.jpa.open-in-view is enabled by default. Therefore, database queries may be performed during view rendering. Explicitly configure spring.jpa.open-in-view to disable this warning
2019-05-20 17:51:39.073  INFO 48302 --- [           main] s.w.s.m.m.a.RequestMappingHandlerMapping : Mapped "{[/course/add],methods=[POST]}" onto public org.springframework.http.ResponseEntity com.myorg.course.controller.CourseController.add(com.myorg.course.dao.Course)
2019-05-20 17:51:39.073  INFO 48302 --- [           main] s.w.s.m.m.a.RequestMappingHandlerMapping : Mapped "{[/course/view]}" onto public org.springframework.http.ResponseEntity<java.util.List<com.myorg.course.dao.Course>> com.myorg.course.controller.CourseController.get()
2019-05-20 17:51:39.074  INFO 48302 --- [           main] s.w.s.m.m.a.RequestMappingHandlerMapping : Mapped "{[/student/view/{email}]}" onto public org.springframework.http.ResponseEntity<java.util.Set<com.myorg.course.dao.Course>> com.myorg.course.controller.StudentController.get(java.lang.String)
2019-05-20 17:51:39.075  INFO 48302 --- [           main] s.w.s.m.m.a.RequestMappingHandlerMapping : Mapped "{[/student/register]}" onto public org.springframework.http.ResponseEntity<java.util.Map> com.myorg.course.controller.StudentController.register(com.myorg.course.dto.RegisterRequest)
2019-05-20 17:51:39.075  INFO 48302 --- [           main] s.w.s.m.m.a.RequestMappingHandlerMapping : Mapped "{[/student/unregister]}" onto public org.springframework.http.ResponseEntity<java.util.Map> com.myorg.course.controller.StudentController.unregister(com.myorg.course.dto.UnregisterRequest)
2019-05-20 17:51:39.076  INFO 48302 --- [           main] s.w.s.m.m.a.RequestMappingHandlerMapping : Mapped "{[/swagger-resources/configuration/ui]}" onto public org.springframework.http.ResponseEntity<springfox.documentation.swagger.web.UiConfiguration> springfox.documentation.swagger.web.ApiResourceController.uiConfiguration()
2019-05-20 17:51:39.076  INFO 48302 --- [           main] s.w.s.m.m.a.RequestMappingHandlerMapping : Mapped "{[/swagger-resources/configuration/security]}" onto public org.springframework.http.ResponseEntity<springfox.documentation.swagger.web.SecurityConfiguration> springfox.documentation.swagger.web.ApiResourceController.securityConfiguration()
2019-05-20 17:51:39.076  INFO 48302 --- [           main] s.w.s.m.m.a.RequestMappingHandlerMapping : Mapped "{[/swagger-resources]}" onto public org.springframework.http.ResponseEntity<java.util.List<springfox.documentation.swagger.web.SwaggerResource>> springfox.documentation.swagger.web.ApiResourceController.swaggerResources()
2019-05-20 17:51:39.077  INFO 48302 --- [           main] s.w.s.m.m.a.RequestMappingHandlerMapping : Mapped "{[/error]}" onto public org.springframework.http.ResponseEntity<java.util.Map<java.lang.String, java.lang.Object>> org.springframework.boot.autoconfigure.web.servlet.error.BasicErrorController.error(javax.servlet.http.HttpServletRequest)
2019-05-20 17:51:39.078  INFO 48302 --- [           main] s.w.s.m.m.a.RequestMappingHandlerMapping : Mapped "{[/error],produces=[text/html]}" onto public org.springframework.web.servlet.ModelAndView org.springframework.boot.autoconfigure.web.servlet.error.BasicErrorController.errorHtml(javax.servlet.http.HttpServletRequest,javax.servlet.http.HttpServletResponse)
2019-05-20 17:51:39.148  INFO 48302 --- [           main] pertySourcedRequestMappingHandlerMapping : Mapped URL path [/v2/api-docs] onto method [public org.springframework.http.ResponseEntity<springfox.documentation.spring.web.json.Json> springfox.documentation.swagger2.web.Swagger2Controller.getDocumentation(java.lang.String,javax.servlet.http.HttpServletRequest)]
2019-05-20 17:51:39.239  INFO 48302 --- [           main] o.s.w.s.handler.SimpleUrlHandlerMapping  : Mapped URL path [/**/favicon.ico] onto handler of type [class org.springframework.web.servlet.resource.ResourceHttpRequestHandler]
2019-05-20 17:51:39.299  INFO 48302 --- [           main] s.w.s.m.m.a.RequestMappingHandlerAdapter : Looking for @ControllerAdvice: org.springframework.web.context.support.GenericWebApplicationContext@58e7f930: startup date [Mon May 20 17:51:38 IST 2019]; root of context hierarchy
2019-05-20 17:51:39.315  INFO 48302 --- [           main] o.s.w.s.handler.SimpleUrlHandlerMapping  : Mapped URL path [/webjars/**] onto handler of type [class org.springframework.web.servlet.resource.ResourceHttpRequestHandler]
2019-05-20 17:51:39.315  INFO 48302 --- [           main] o.s.w.s.handler.SimpleUrlHandlerMapping  : Mapped URL path [/**] onto handler of type [class org.springframework.web.servlet.resource.ResourceHttpRequestHandler]
2019-05-20 17:51:39.436  INFO 48302 --- [           main] o.s.c.support.DefaultLifecycleProcessor  : Starting beans in phase 2147483647
2019-05-20 17:51:39.436  INFO 48302 --- [           main] d.s.w.p.DocumentationPluginsBootstrapper : Context refreshed
2019-05-20 17:51:39.437  INFO 48302 --- [           main] d.s.w.p.DocumentationPluginsBootstrapper : Found 1 custom documentation plugin(s)
2019-05-20 17:51:39.443  INFO 48302 --- [           main] s.d.s.w.s.ApiListingReferenceScanner     : Scanning for api listing references
2019-05-20 17:51:39.486  INFO 48302 --- [           main] .d.s.w.r.o.CachingOperationNameGenerator : Generating unique operation named: getUsingGET_1
2019-05-20 17:51:39.488  INFO 48302 --- [           main] .d.s.w.r.o.CachingOperationNameGenerator : Generating unique operation named: getUsingHEAD_1
2019-05-20 17:51:39.490  INFO 48302 --- [           main] .d.s.w.r.o.CachingOperationNameGenerator : Generating unique operation named: getUsingPOST_1
2019-05-20 17:51:39.491  INFO 48302 --- [           main] .d.s.w.r.o.CachingOperationNameGenerator : Generating unique operation named: getUsingPUT_1
2019-05-20 17:51:39.493  INFO 48302 --- [           main] .d.s.w.r.o.CachingOperationNameGenerator : Generating unique operation named: getUsingPATCH_1
2019-05-20 17:51:39.494  INFO 48302 --- [           main] .d.s.w.r.o.CachingOperationNameGenerator : Generating unique operation named: getUsingDELETE_1
2019-05-20 17:51:39.495  INFO 48302 --- [           main] .d.s.w.r.o.CachingOperationNameGenerator : Generating unique operation named: getUsingOPTIONS_1
2019-05-20 17:51:39.497  INFO 48302 --- [           main] .d.s.w.r.o.CachingOperationNameGenerator : Generating unique operation named: getUsingTRACE_1
2019-05-20 17:51:39.529  INFO 48302 --- [           main] c.m.c.controller.CourseControllerTest    : Started CourseControllerTest in 1.355 seconds (JVM running for 10.198)
2019-05-20 17:51:39.540 ERROR 48302 --- [           main] o.s.test.context.TestContextManager      : Caught exception while allowing TestExecutionListener [org.springframework.boot.test.autoconfigure.SpringBootDependencyInjectionTestExecutionListener@a44ad33] to prepare test instance [com.myorg.course.controller.CourseControllerTest@62c1259f]

org.springframework.beans.factory.UnsatisfiedDependencyException: Error creating bean with name 'com.myorg.course.controller.CourseControllerTest': Unsatisfied dependency expressed through field 'mvc'; nested exception is org.springframework.beans.factory.NoSuchBeanDefinitionException: No qualifying bean of type 'org.springframework.test.web.servlet.MockMvc' available: expected at least 1 bean which qualifies as autowire candidate. Dependency annotations: {@org.springframework.beans.factory.annotation.Autowired(required=true)}
	at org.springframework.beans.factory.annotation.AutowiredAnnotationBeanPostProcessor$AutowiredFieldElement.inject(AutowiredAnnotationBeanPostProcessor.java:587) ~[spring-beans-5.0.5.RELEASE.jar:5.0.5.RELEASE]
	at org.springframework.beans.factory.annotation.InjectionMetadata.inject(InjectionMetadata.java:91) ~[spring-beans-5.0.5.RELEASE.jar:5.0.5.RELEASE]
	at org.springframework.beans.factory.annotation.AutowiredAnnotationBeanPostProcessor.postProcessPropertyValues(AutowiredAnnotationBeanPostProcessor.java:373) ~[spring-beans-5.0.5.RELEASE.jar:5.0.5.RELEASE]
	at org.springframework.beans.factory.support.AbstractAutowireCapableBeanFactory.populateBean(AbstractAutowireCapableBeanFactory.java:1344) ~[spring-beans-5.0.5.RELEASE.jar:5.0.5.RELEASE]
	at org.springframework.beans.factory.support.AbstractAutowireCapableBeanFactory.autowireBeanProperties(AbstractAutowireCapableBeanFactory.java:399) ~[spring-beans-5.0.5.RELEASE.jar:5.0.5.RELEASE]
	at org.springframework.test.context.support.DependencyInjectionTestExecutionListener.injectDependencies(DependencyInjectionTestExecutionListener.java:118) ~[spring-test-5.0.5.RELEASE.jar:5.0.5.RELEASE]
	at org.springframework.test.context.support.DependencyInjectionTestExecutionListener.prepareTestInstance(DependencyInjectionTestExecutionListener.java:83) ~[spring-test-5.0.5.RELEASE.jar:5.0.5.RELEASE]
	at org.springframework.boot.test.autoconfigure.SpringBootDependencyInjectionTestExecutionListener.prepareTestInstance(SpringBootDependencyInjectionTestExecutionListener.java:44) ~[spring-boot-test-autoconfigure-2.0.1.RELEASE.jar:2.0.1.RELEASE]
	at org.springframework.test.context.TestContextManager.prepareTestInstance(TestContextManager.java:246) ~[spring-test-5.0.5.RELEASE.jar:5.0.5.RELEASE]
	at org.springframework.test.context.junit4.SpringJUnit4ClassRunner.createTest(SpringJUnit4ClassRunner.java:227) [spring-test-5.0.5.RELEASE.jar:5.0.5.RELEASE]
	at org.springframework.test.context.junit4.SpringJUnit4ClassRunner$1.runReflectiveCall(SpringJUnit4ClassRunner.java:289) [spring-test-5.0.5.RELEASE.jar:5.0.5.RELEASE]
	at org.junit.internal.runners.model.ReflectiveCallable.run(ReflectiveCallable.java:12) [junit-4.12.jar:4.12]
	at org.springframework.test.context.junit4.SpringJUnit4ClassRunner.methodBlock(SpringJUnit4ClassRunner.java:291) [spring-test-5.0.5.RELEASE.jar:5.0.5.RELEASE]
	at org.springframework.test.context.junit4.SpringJUnit4ClassRunner.runChild(SpringJUnit4ClassRunner.java:246) [spring-test-5.0.5.RELEASE.jar:5.0.5.RELEASE]
	at org.springframework.test.context.junit4.SpringJUnit4ClassRunner.runChild(SpringJUnit4ClassRunner.java:97) [spring-test-5.0.5.RELEASE.jar:5.0.5.RELEASE]
	at org.junit.runners.ParentRunner$3.run(ParentRunner.java:290) [junit-4.12.jar:4.12]
	at org.junit.runners.ParentRunner$1.schedule(ParentRunner.java:71) [junit-4.12.jar:4.12]
	at org.junit.runners.ParentRunner.runChildren(ParentRunner.java:288) [junit-4.12.jar:4.12]
	at org.junit.runners.ParentRunner.access$000(ParentRunner.java:58) [junit-4.12.jar:4.12]
	at org.junit.runners.ParentRunner$2.evaluate(ParentRunner.java:268) [junit-4.12.jar:4.12]
	at org.springframework.test.context.junit4.statements.RunBeforeTestClassCallbacks.evaluate(RunBeforeTestClassCallbacks.java:61) [spring-test-5.0.5.RELEASE.jar:5.0.5.RELEASE]
	at org.springframework.test.context.junit4.statements.RunAfterTestClassCallbacks.evaluate(RunAfterTestClassCallbacks.java:70) [spring-test-5.0.5.RELEASE.jar:5.0.5.RELEASE]
	at org.junit.runners.ParentRunner.run(ParentRunner.java:363) [junit-4.12.jar:4.12]
	at org.springframework.test.context.junit4.SpringJUnit4ClassRunner.run(SpringJUnit4ClassRunner.java:190) [spring-test-5.0.5.RELEASE.jar:5.0.5.RELEASE]
	at org.apache.maven.surefire.junit4.JUnit4Provider.execute(JUnit4Provider.java:365) [surefire-junit4-2.22.0.jar:2.22.0]
	at org.apache.maven.surefire.junit4.JUnit4Provider.executeWithRerun(JUnit4Provider.java:273) [surefire-junit4-2.22.0.jar:2.22.0]
	at org.apache.maven.surefire.junit4.JUnit4Provider.executeTestSet(JUnit4Provider.java:238) [surefire-junit4-2.22.0.jar:2.22.0]
	at org.apache.maven.surefire.junit4.JUnit4Provider.invoke(JUnit4Provider.java:159) [surefire-junit4-2.22.0.jar:2.22.0]
	at org.apache.maven.surefire.booter.ForkedBooter.invokeProviderInSameClassLoader(ForkedBooter.java:383) [surefire-booter-2.22.0.jar:2.22.0]
	at org.apache.maven.surefire.booter.ForkedBooter.runSuitesInProcess(ForkedBooter.java:344) [surefire-booter-2.22.0.jar:2.22.0]
	at org.apache.maven.surefire.booter.ForkedBooter.execute(ForkedBooter.java:125) [surefire-booter-2.22.0.jar:2.22.0]
	at org.apache.maven.surefire.booter.ForkedBooter.main(ForkedBooter.java:417) [surefire-booter-2.22.0.jar:2.22.0]
Caused by: org.springframework.beans.factory.NoSuchBeanDefinitionException: No qualifying bean of type 'org.springframework.test.web.servlet.MockMvc' available: expected at least 1 bean which qualifies as autowire candidate. Dependency annotations: {@org.springframework.beans.factory.annotation.Autowired(required=true)}
	at org.springframework.beans.factory.support.DefaultListableBeanFactory.raiseNoMatchingBeanFound(DefaultListableBeanFactory.java:1509) ~[spring-beans-5.0.5.RELEASE.jar:5.0.5.RELEASE]
	at org.springframework.beans.factory.support.DefaultListableBeanFactory.doResolveDependency(DefaultListableBeanFactory.java:1104) ~[spring-beans-5.0.5.RELEASE.jar:5.0.5.RELEASE]
	at org.springframework.beans.factory.support.DefaultListableBeanFactory.resolveDependency(DefaultListableBeanFactory.java:1065) ~[spring-beans-5.0.5.RELEASE.jar:5.0.5.RELEASE]
	at org.springframework.beans.factory.annotation.AutowiredAnnotationBeanPostProcessor$AutowiredFieldElement.inject(AutowiredAnnotationBeanPostProcessor.java:584) ~[spring-beans-5.0.5.RELEASE.jar:5.0.5.RELEASE]
	... 31 common frames omitted

2019-05-20 17:51:39.547 ERROR 48302 --- [           main] o.s.test.context.TestContextManager      : Caught exception while allowing TestExecutionListener [org.springframework.boot.test.autoconfigure.SpringBootDependencyInjectionTestExecutionListener@a44ad33] to prepare test instance [com.myorg.course.controller.CourseControllerTest@3e265811]

org.springframework.beans.factory.UnsatisfiedDependencyException: Error creating bean with name 'com.myorg.course.controller.CourseControllerTest': Unsatisfied dependency expressed through field 'mvc'; nested exception is org.springframework.beans.factory.NoSuchBeanDefinitionException: No qualifying bean of type 'org.springframework.test.web.servlet.MockMvc' available: expected at least 1 bean which qualifies as autowire candidate. Dependency annotations: {@org.springframework.beans.factory.annotation.Autowired(required=true)}
	at org.springframework.beans.factory.annotation.AutowiredAnnotationBeanPostProcessor$AutowiredFieldElement.inject(AutowiredAnnotationBeanPostProcessor.java:587) ~[spring-beans-5.0.5.RELEASE.jar:5.0.5.RELEASE]
	at org.springframework.beans.factory.annotation.InjectionMetadata.inject(InjectionMetadata.java:91) ~[spring-beans-5.0.5.RELEASE.jar:5.0.5.RELEASE]
	at org.springframework.beans.factory.annotation.AutowiredAnnotationBeanPostProcessor.postProcessPropertyValues(AutowiredAnnotationBeanPostProcessor.java:373) ~[spring-beans-5.0.5.RELEASE.jar:5.0.5.RELEASE]
	at org.springframework.beans.factory.support.AbstractAutowireCapableBeanFactory.populateBean(AbstractAutowireCapableBeanFactory.java:1344) ~[spring-beans-5.0.5.RELEASE.jar:5.0.5.RELEASE]
	at org.springframework.beans.factory.support.AbstractAutowireCapableBeanFactory.autowireBeanProperties(AbstractAutowireCapableBeanFactory.java:399) ~[spring-beans-5.0.5.RELEASE.jar:5.0.5.RELEASE]
	at org.springframework.test.context.support.DependencyInjectionTestExecutionListener.injectDependencies(DependencyInjectionTestExecutionListener.java:118) ~[spring-test-5.0.5.RELEASE.jar:5.0.5.RELEASE]
	at org.springframework.test.context.support.DependencyInjectionTestExecutionListener.prepareTestInstance(DependencyInjectionTestExecutionListener.java:83) ~[spring-test-5.0.5.RELEASE.jar:5.0.5.RELEASE]
	at org.springframework.boot.test.autoconfigure.SpringBootDependencyInjectionTestExecutionListener.prepareTestInstance(SpringBootDependencyInjectionTestExecutionListener.java:44) ~[spring-boot-test-autoconfigure-2.0.1.RELEASE.jar:2.0.1.RELEASE]
	at org.springframework.test.context.TestContextManager.prepareTestInstance(TestContextManager.java:246) ~[spring-test-5.0.5.RELEASE.jar:5.0.5.RELEASE]
	at org.springframework.test.context.junit4.SpringJUnit4ClassRunner.createTest(SpringJUnit4ClassRunner.java:227) [spring-test-5.0.5.RELEASE.jar:5.0.5.RELEASE]
	at org.springframework.test.context.junit4.SpringJUnit4ClassRunner$1.runReflectiveCall(SpringJUnit4ClassRunner.java:289) [spring-test-5.0.5.RELEASE.jar:5.0.5.RELEASE]
	at org.junit.internal.runners.model.ReflectiveCallable.run(ReflectiveCallable.java:12) [junit-4.12.jar:4.12]
	at org.springframework.test.context.junit4.SpringJUnit4ClassRunner.methodBlock(SpringJUnit4ClassRunner.java:291) [spring-test-5.0.5.RELEASE.jar:5.0.5.RELEASE]
	at org.springframework.test.context.junit4.SpringJUnit4ClassRunner.runChild(SpringJUnit4ClassRunner.java:246) [spring-test-5.0.5.RELEASE.jar:5.0.5.RELEASE]
	at org.springframework.test.context.junit4.SpringJUnit4ClassRunner.runChild(SpringJUnit4ClassRunner.java:97) [spring-test-5.0.5.RELEASE.jar:5.0.5.RELEASE]
	at org.junit.runners.ParentRunner$3.run(ParentRunner.java:290) [junit-4.12.jar:4.12]
	at org.junit.runners.ParentRunner$1.schedule(ParentRunner.java:71) [junit-4.12.jar:4.12]
	at org.junit.runners.ParentRunner.runChildren(ParentRunner.java:288) [junit-4.12.jar:4.12]
	at org.junit.runners.ParentRunner.access$000(ParentRunner.java:58) [junit-4.12.jar:4.12]
	at org.junit.runners.ParentRunner$2.evaluate(ParentRunner.java:268) [junit-4.12.jar:4.12]
	at org.springframework.test.context.junit4.statements.RunBeforeTestClassCallbacks.evaluate(RunBeforeTestClassCallbacks.java:61) [spring-test-5.0.5.RELEASE.jar:5.0.5.RELEASE]
	at org.springframework.test.context.junit4.statements.RunAfterTestClassCallbacks.evaluate(RunAfterTestClassCallbacks.java:70) [spring-test-5.0.5.RELEASE.jar:5.0.5.RELEASE]
	at org.junit.runners.ParentRunner.run(ParentRunner.java:363) [junit-4.12.jar:4.12]
	at org.springframework.test.context.junit4.SpringJUnit4ClassRunner.run(SpringJUnit4ClassRunner.java:190) [spring-test-5.0.5.RELEASE.jar:5.0.5.RELEASE]
	at org.apache.maven.surefire.junit4.JUnit4Provider.execute(JUnit4Provider.java:365) [surefire-junit4-2.22.0.jar:2.22.0]
	at org.apache.maven.surefire.junit4.JUnit4Provider.executeWithRerun(JUnit4Provider.java:273) [surefire-junit4-2.22.0.jar:2.22.0]
	at org.apache.maven.surefire.junit4.JUnit4Provider.executeTestSet(JUnit4Provider.java:238) [surefire-junit4-2.22.0.jar:2.22.0]
	at org.apache.maven.surefire.junit4.JUnit4Provider.invoke(JUnit4Provider.java:159) [surefire-junit4-2.22.0.jar:2.22.0]
	at org.apache.maven.surefire.booter.ForkedBooter.invokeProviderInSameClassLoader(ForkedBooter.java:383) [surefire-booter-2.22.0.jar:2.22.0]
	at org.apache.maven.surefire.booter.ForkedBooter.runSuitesInProcess(ForkedBooter.java:344) [surefire-booter-2.22.0.jar:2.22.0]
	at org.apache.maven.surefire.booter.ForkedBooter.execute(ForkedBooter.java:125) [surefire-booter-2.22.0.jar:2.22.0]
	at org.apache.maven.surefire.booter.ForkedBooter.main(ForkedBooter.java:417) [surefire-booter-2.22.0.jar:2.22.0]
Caused by: org.springframework.beans.factory.NoSuchBeanDefinitionException: No qualifying bean of type 'org.springframework.test.web.servlet.MockMvc' available: expected at least 1 bean which qualifies as autowire candidate. Dependency annotations: {@org.springframework.beans.factory.annotation.Autowired(required=true)}
	at org.springframework.beans.factory.support.DefaultListableBeanFactory.raiseNoMatchingBeanFound(DefaultListableBeanFactory.java:1509) ~[spring-beans-5.0.5.RELEASE.jar:5.0.5.RELEASE]
	at org.springframework.beans.factory.support.DefaultListableBeanFactory.doResolveDependency(DefaultListableBeanFactory.java:1104) ~[spring-beans-5.0.5.RELEASE.jar:5.0.5.RELEASE]
	at org.springframework.beans.factory.support.DefaultListableBeanFactory.resolveDependency(DefaultListableBeanFactory.java:1065) ~[spring-beans-5.0.5.RELEASE.jar:5.0.5.RELEASE]
	at org.springframework.beans.factory.annotation.AutowiredAnnotationBeanPostProcessor$AutowiredFieldElement.inject(AutowiredAnnotationBeanPostProcessor.java:584) ~[spring-beans-5.0.5.RELEASE.jar:5.0.5.RELEASE]
	... 31 common frames omitted

[ERROR] Tests run: 2, Failures: 0, Errors: 2, Skipped: 0, Time elapsed: 1.178 s <<< FAILURE! - in com.myorg.course.controller.CourseControllerTest
[ERROR] getCoursesTest(com.myorg.course.controller.CourseControllerTest)  Time elapsed: 0 s  <<< ERROR!
org.springframework.beans.factory.UnsatisfiedDependencyException: Error creating bean with name 'com.myorg.course.controller.CourseControllerTest': Unsatisfied dependency expressed through field 'mvc'; nested exception is org.springframework.beans.factory.NoSuchBeanDefinitionException: No qualifying bean of type 'org.springframework.test.web.servlet.MockMvc' available: expected at least 1 bean which qualifies as autowire candidate. Dependency annotations: {@org.springframework.beans.factory.annotation.Autowired(required=true)}
Caused by: org.springframework.beans.factory.NoSuchBeanDefinitionException: No qualifying bean of type 'org.springframework.test.web.servlet.MockMvc' available: expected at least 1 bean which qualifies as autowire candidate. Dependency annotations: {@org.springframework.beans.factory.annotation.Autowired(required=true)}

[ERROR] addCoursesTest(com.myorg.course.controller.CourseControllerTest)  Time elapsed: 0 s  <<< ERROR!
org.springframework.beans.factory.UnsatisfiedDependencyException: Error creating bean with name 'com.myorg.course.controller.CourseControllerTest': Unsatisfied dependency expressed through field 'mvc'; nested exception is org.springframework.beans.factory.NoSuchBeanDefinitionException: No qualifying bean of type 'org.springframework.test.web.servlet.MockMvc' available: expected at least 1 bean which qualifies as autowire candidate. Dependency annotations: {@org.springframework.beans.factory.annotation.Autowired(required=true)}
Caused by: org.springframework.beans.factory.NoSuchBeanDefinitionException: No qualifying bean of type 'org.springframework.test.web.servlet.MockMvc' available: expected at least 1 bean which qualifies as autowire candidate. Dependency annotations: {@org.springframework.beans.factory.annotation.Autowired(required=true)}

[INFO] Running com.myorg.course.service.StudentServiceTest
2019-05-20 17:51:39.552  INFO 48302 --- [           main] .b.t.c.SpringBootTestContextBootstrapper : Neither @ContextConfiguration nor @ContextHierarchy found for test class [com.myorg.course.service.StudentServiceTest], using SpringBootContextLoader
2019-05-20 17:51:39.553  INFO 48302 --- [           main] o.s.t.c.support.AbstractContextLoader    : Could not detect default resource locations for test class [com.myorg.course.service.StudentServiceTest]: no resource found for suffixes {-context.xml, Context.groovy}.
2019-05-20 17:51:39.554  INFO 48302 --- [           main] t.c.s.AnnotationConfigContextLoaderUtils : Could not detect default configuration classes for test class [com.myorg.course.service.StudentServiceTest]: StudentServiceTest does not declare any static, non-private, non-final, nested classes annotated with @Configuration.
2019-05-20 17:51:39.581  INFO 48302 --- [           main] .b.t.c.SpringBootTestContextBootstrapper : Found @SpringBootConfiguration com.myorg.course.ApplicationRunner for test class com.myorg.course.service.StudentServiceTest
2019-05-20 17:51:39.582  INFO 48302 --- [           main] .b.t.c.SpringBootTestContextBootstrapper : Loaded default TestExecutionListener class names from location [META-INF/spring.factories]: [org.springframework.boot.test.mock.mockito.MockitoTestExecutionListener, org.springframework.boot.test.mock.mockito.ResetMocksTestExecutionListener, org.springframework.boot.test.autoconfigure.restdocs.RestDocsTestExecutionListener, org.springframework.boot.test.autoconfigure.web.client.MockRestServiceServerResetTestExecutionListener, org.springframework.boot.test.autoconfigure.web.servlet.MockMvcPrintOnlyOnFailureTestExecutionListener, org.springframework.boot.test.autoconfigure.web.servlet.WebDriverTestExecutionListener, org.springframework.test.context.web.ServletTestExecutionListener, org.springframework.test.context.support.DirtiesContextBeforeModesTestExecutionListener, org.springframework.test.context.support.DependencyInjectionTestExecutionListener, org.springframework.test.context.support.DirtiesContextTestExecutionListener, org.springframework.test.context.transaction.TransactionalTestExecutionListener, org.springframework.test.context.jdbc.SqlScriptsTestExecutionListener]
2019-05-20 17:51:39.582  INFO 48302 --- [           main] .b.t.c.SpringBootTestContextBootstrapper : Using TestExecutionListeners: [org.springframework.test.context.web.ServletTestExecutionListener@5cd6a827, org.springframework.test.context.support.DirtiesContextBeforeModesTestExecutionListener@6cd65042, org.springframework.boot.test.mock.mockito.MockitoTestExecutionListener@7674f9d4, org.springframework.boot.test.autoconfigure.SpringBootDependencyInjectionTestExecutionListener@4b5ceb5d, org.springframework.test.context.support.DirtiesContextTestExecutionListener@22a2e581, org.springframework.test.context.transaction.TransactionalTestExecutionListener@7ca8f5d7, org.springframework.test.context.jdbc.SqlScriptsTestExecutionListener@2dc319cf, org.springframework.boot.test.mock.mockito.ResetMocksTestExecutionListener@1690929, org.springframework.boot.test.autoconfigure.restdocs.RestDocsTestExecutionListener@34d26a68, org.springframework.boot.test.autoconfigure.web.client.MockRestServiceServerResetTestExecutionListener@fef2768, org.springframework.boot.test.autoconfigure.web.servlet.MockMvcPrintOnlyOnFailureTestExecutionListener@3a574a3b, org.springframework.boot.test.autoconfigure.web.servlet.WebDriverTestExecutionListener@733e3c19]

  .   ____          _            __ _ _
 /\\ / ___'_ __ _ _(_)_ __  __ _ \ \ \ \
( ( )\___ | '_ | '_| | '_ \/ _` | \ \ \ \
 \\/  ___)| |_)| | | | | || (_| |  ) ) ) )
  '  |____| .__|_| |_|_| |_\__, | / / / /
 =========|_|==============|___/=/_/_/_/
 :: Spring Boot ::        (v2.0.1.RELEASE)

2019-05-20 17:51:39.606  INFO 48302 --- [           main] c.m.course.service.StudentServiceTest    : Starting StudentServiceTest on m-C02VN0QDG8WN with PID 48302 (started by s0s01ts in /Users/s0s01ts/Downloads/IDEAWorkspace/course)
2019-05-20 17:51:39.606  INFO 48302 --- [           main] c.m.course.service.StudentServiceTest    : The following profiles are active: test
2019-05-20 17:51:39.609  INFO 48302 --- [           main] o.s.w.c.s.GenericWebApplicationContext   : Refreshing org.springframework.web.context.support.GenericWebApplicationContext@62158618: startup date [Mon May 20 17:51:39 IST 2019]; root of context hierarchy
2019-05-20 17:51:40.083  INFO 48302 --- [           main] trationDelegate$BeanPostProcessorChecker : Bean 'org.springframework.transaction.annotation.ProxyTransactionManagementConfiguration' of type [org.springframework.transaction.annotation.ProxyTransactionManagementConfiguration$$EnhancerBySpringCGLIB$$fef736d7] is not eligible for getting processed by all BeanPostProcessors (for example: not eligible for auto-proxying)
2019-05-20 17:51:40.174  INFO 48302 --- [           main] com.zaxxer.hikari.HikariDataSource       : HikariPool-4 - Starting...
2019-05-20 17:51:40.175  INFO 48302 --- [           main] com.zaxxer.hikari.HikariDataSource       : HikariPool-4 - Start completed.
2019-05-20 17:51:40.188  INFO 48302 --- [           main] j.LocalContainerEntityManagerFactoryBean : Building JPA container EntityManagerFactory for persistence unit 'default'
2019-05-20 17:51:40.188  INFO 48302 --- [           main] o.hibernate.jpa.internal.util.LogHelper  : HHH000204: Processing PersistenceUnitInfo [
	name: default
	...]
2019-05-20 17:51:40.194  INFO 48302 --- [           main] org.hibernate.dialect.Dialect            : HHH000400: Using dialect: org.hibernate.dialect.H2Dialect
2019-05-20 17:51:40.236  INFO 48302 --- [           main] j.LocalContainerEntityManagerFactoryBean : Initialized JPA EntityManagerFactory for persistence unit 'default'
2019-05-20 17:51:40.437  WARN 48302 --- [           main] aWebConfiguration$JpaWebMvcConfiguration : spring.jpa.open-in-view is enabled by default. Therefore, database queries may be performed during view rendering. Explicitly configure spring.jpa.open-in-view to disable this warning
2019-05-20 17:51:40.461  INFO 48302 --- [           main] s.w.s.m.m.a.RequestMappingHandlerMapping : Mapped "{[/course/add],methods=[POST]}" onto public org.springframework.http.ResponseEntity com.myorg.course.controller.CourseController.add(com.myorg.course.dao.Course)
2019-05-20 17:51:40.461  INFO 48302 --- [           main] s.w.s.m.m.a.RequestMappingHandlerMapping : Mapped "{[/course/view]}" onto public org.springframework.http.ResponseEntity<java.util.List<com.myorg.course.dao.Course>> com.myorg.course.controller.CourseController.get()
2019-05-20 17:51:40.462  INFO 48302 --- [           main] s.w.s.m.m.a.RequestMappingHandlerMapping : Mapped "{[/student/view/{email}]}" onto public org.springframework.http.ResponseEntity<java.util.Set<com.myorg.course.dao.Course>> com.myorg.course.controller.StudentController.get(java.lang.String)
2019-05-20 17:51:40.462  INFO 48302 --- [           main] s.w.s.m.m.a.RequestMappingHandlerMapping : Mapped "{[/student/register]}" onto public org.springframework.http.ResponseEntity<java.util.Map> com.myorg.course.controller.StudentController.register(com.myorg.course.dto.RegisterRequest)
2019-05-20 17:51:40.462  INFO 48302 --- [           main] s.w.s.m.m.a.RequestMappingHandlerMapping : Mapped "{[/student/unregister]}" onto public org.springframework.http.ResponseEntity<java.util.Map> com.myorg.course.controller.StudentController.unregister(com.myorg.course.dto.UnregisterRequest)
2019-05-20 17:51:40.463  INFO 48302 --- [           main] s.w.s.m.m.a.RequestMappingHandlerMapping : Mapped "{[/swagger-resources/configuration/ui]}" onto public org.springframework.http.ResponseEntity<springfox.documentation.swagger.web.UiConfiguration> springfox.documentation.swagger.web.ApiResourceController.uiConfiguration()
2019-05-20 17:51:40.463  INFO 48302 --- [           main] s.w.s.m.m.a.RequestMappingHandlerMapping : Mapped "{[/swagger-resources/configuration/security]}" onto public org.springframework.http.ResponseEntity<springfox.documentation.swagger.web.SecurityConfiguration> springfox.documentation.swagger.web.ApiResourceController.securityConfiguration()
2019-05-20 17:51:40.464  INFO 48302 --- [           main] s.w.s.m.m.a.RequestMappingHandlerMapping : Mapped "{[/swagger-resources]}" onto public org.springframework.http.ResponseEntity<java.util.List<springfox.documentation.swagger.web.SwaggerResource>> springfox.documentation.swagger.web.ApiResourceController.swaggerResources()
2019-05-20 17:51:40.465  INFO 48302 --- [           main] s.w.s.m.m.a.RequestMappingHandlerMapping : Mapped "{[/error]}" onto public org.springframework.http.ResponseEntity<java.util.Map<java.lang.String, java.lang.Object>> org.springframework.boot.autoconfigure.web.servlet.error.BasicErrorController.error(javax.servlet.http.HttpServletRequest)
2019-05-20 17:51:40.465  INFO 48302 --- [           main] s.w.s.m.m.a.RequestMappingHandlerMapping : Mapped "{[/error],produces=[text/html]}" onto public org.springframework.web.servlet.ModelAndView org.springframework.boot.autoconfigure.web.servlet.error.BasicErrorController.errorHtml(javax.servlet.http.HttpServletRequest,javax.servlet.http.HttpServletResponse)
2019-05-20 17:51:40.539  INFO 48302 --- [           main] pertySourcedRequestMappingHandlerMapping : Mapped URL path [/v2/api-docs] onto method [public org.springframework.http.ResponseEntity<springfox.documentation.spring.web.json.Json> springfox.documentation.swagger2.web.Swagger2Controller.getDocumentation(java.lang.String,javax.servlet.http.HttpServletRequest)]
2019-05-20 17:51:40.623  INFO 48302 --- [           main] o.s.w.s.handler.SimpleUrlHandlerMapping  : Mapped URL path [/**/favicon.ico] onto handler of type [class org.springframework.web.servlet.resource.ResourceHttpRequestHandler]
2019-05-20 17:51:40.684  INFO 48302 --- [           main] s.w.s.m.m.a.RequestMappingHandlerAdapter : Looking for @ControllerAdvice: org.springframework.web.context.support.GenericWebApplicationContext@62158618: startup date [Mon May 20 17:51:39 IST 2019]; root of context hierarchy
2019-05-20 17:51:40.700  INFO 48302 --- [           main] o.s.w.s.handler.SimpleUrlHandlerMapping  : Mapped URL path [/webjars/**] onto handler of type [class org.springframework.web.servlet.resource.ResourceHttpRequestHandler]
2019-05-20 17:51:40.700  INFO 48302 --- [           main] o.s.w.s.handler.SimpleUrlHandlerMapping  : Mapped URL path [/**] onto handler of type [class org.springframework.web.servlet.resource.ResourceHttpRequestHandler]
2019-05-20 17:51:40.829  INFO 48302 --- [           main] o.s.c.support.DefaultLifecycleProcessor  : Starting beans in phase 2147483647
2019-05-20 17:51:40.829  INFO 48302 --- [           main] d.s.w.p.DocumentationPluginsBootstrapper : Context refreshed
2019-05-20 17:51:40.830  INFO 48302 --- [           main] d.s.w.p.DocumentationPluginsBootstrapper : Found 1 custom documentation plugin(s)
2019-05-20 17:51:40.836  INFO 48302 --- [           main] s.d.s.w.s.ApiListingReferenceScanner     : Scanning for api listing references
2019-05-20 17:51:40.878  INFO 48302 --- [           main] .d.s.w.r.o.CachingOperationNameGenerator : Generating unique operation named: getUsingGET_1
2019-05-20 17:51:40.881  INFO 48302 --- [           main] .d.s.w.r.o.CachingOperationNameGenerator : Generating unique operation named: getUsingHEAD_1
2019-05-20 17:51:40.882  INFO 48302 --- [           main] .d.s.w.r.o.CachingOperationNameGenerator : Generating unique operation named: getUsingPOST_1
2019-05-20 17:51:40.884  INFO 48302 --- [           main] .d.s.w.r.o.CachingOperationNameGenerator : Generating unique operation named: getUsingPUT_1
2019-05-20 17:51:40.886  INFO 48302 --- [           main] .d.s.w.r.o.CachingOperationNameGenerator : Generating unique operation named: getUsingPATCH_1
2019-05-20 17:51:40.888  INFO 48302 --- [           main] .d.s.w.r.o.CachingOperationNameGenerator : Generating unique operation named: getUsingDELETE_1
2019-05-20 17:51:40.890  INFO 48302 --- [           main] .d.s.w.r.o.CachingOperationNameGenerator : Generating unique operation named: getUsingOPTIONS_1
2019-05-20 17:51:40.892  INFO 48302 --- [           main] .d.s.w.r.o.CachingOperationNameGenerator : Generating unique operation named: getUsingTRACE_1
2019-05-20 17:51:40.931  INFO 48302 --- [           main] c.m.course.service.StudentServiceTest    : Started StudentServiceTest in 1.347 seconds (JVM running for 11.6)
[INFO] Tests run: 2, Failures: 0, Errors: 0, Skipped: 0, Time elapsed: 1.049 s - in com.myorg.course.service.StudentServiceTest
[INFO] Running com.myorg.course.service.CourseServiceTest
2019-05-20 17:51:41.155  INFO 48302 --- [           main] .b.t.c.SpringBootTestContextBootstrapper : Neither @ContextConfiguration nor @ContextHierarchy found for test class [com.myorg.course.service.CourseServiceTest], using SpringBootContextLoader
2019-05-20 17:51:41.156  INFO 48302 --- [           main] o.s.t.c.support.AbstractContextLoader    : Could not detect default resource locations for test class [com.myorg.course.service.CourseServiceTest]: no resource found for suffixes {-context.xml, Context.groovy}.
2019-05-20 17:51:41.156  INFO 48302 --- [           main] t.c.s.AnnotationConfigContextLoaderUtils : Could not detect default configuration classes for test class [com.myorg.course.service.CourseServiceTest]: CourseServiceTest does not declare any static, non-private, non-final, nested classes annotated with @Configuration.
2019-05-20 17:51:41.158  INFO 48302 --- [           main] .b.t.c.SpringBootTestContextBootstrapper : Found @SpringBootConfiguration com.myorg.course.ApplicationRunner for test class com.myorg.course.service.CourseServiceTest
2019-05-20 17:51:41.160  INFO 48302 --- [           main] .b.t.c.SpringBootTestContextBootstrapper : Loaded default TestExecutionListener class names from location [META-INF/spring.factories]: [org.springframework.boot.test.mock.mockito.MockitoTestExecutionListener, org.springframework.boot.test.mock.mockito.ResetMocksTestExecutionListener, org.springframework.boot.test.autoconfigure.restdocs.RestDocsTestExecutionListener, org.springframework.boot.test.autoconfigure.web.client.MockRestServiceServerResetTestExecutionListener, org.springframework.boot.test.autoconfigure.web.servlet.MockMvcPrintOnlyOnFailureTestExecutionListener, org.springframework.boot.test.autoconfigure.web.servlet.WebDriverTestExecutionListener, org.springframework.test.context.web.ServletTestExecutionListener, org.springframework.test.context.support.DirtiesContextBeforeModesTestExecutionListener, org.springframework.test.context.support.DependencyInjectionTestExecutionListener, org.springframework.test.context.support.DirtiesContextTestExecutionListener, org.springframework.test.context.transaction.TransactionalTestExecutionListener, org.springframework.test.context.jdbc.SqlScriptsTestExecutionListener]
2019-05-20 17:51:41.161  INFO 48302 --- [           main] .b.t.c.SpringBootTestContextBootstrapper : Using TestExecutionListeners: [org.springframework.test.context.web.ServletTestExecutionListener@6a495d88, org.springframework.test.context.support.DirtiesContextBeforeModesTestExecutionListener@45ea6c24, org.springframework.boot.test.mock.mockito.MockitoTestExecutionListener@51f31fad, org.springframework.boot.test.autoconfigure.SpringBootDependencyInjectionTestExecutionListener@7976d382, org.springframework.test.context.support.DirtiesContextTestExecutionListener@59f36439, org.springframework.test.context.transaction.TransactionalTestExecutionListener@4feea86f, org.springframework.test.context.jdbc.SqlScriptsTestExecutionListener@6a9c848, org.springframework.boot.test.mock.mockito.ResetMocksTestExecutionListener@498cf1dc, org.springframework.boot.test.autoconfigure.restdocs.RestDocsTestExecutionListener@b9c8678, org.springframework.boot.test.autoconfigure.web.client.MockRestServiceServerResetTestExecutionListener@318beab4, org.springframework.boot.test.autoconfigure.web.servlet.MockMvcPrintOnlyOnFailureTestExecutionListener@79a88f45, org.springframework.boot.test.autoconfigure.web.servlet.WebDriverTestExecutionListener@578483bd]
[INFO] Tests run: 2, Failures: 0, Errors: 0, Skipped: 0, Time elapsed: 0.05 s - in com.myorg.course.service.CourseServiceTest
2019-05-20 17:51:41.216  INFO 48302 --- [      Thread-10] o.s.w.c.s.GenericWebApplicationContext   : Closing org.springframework.web.context.support.GenericWebApplicationContext@62158618: startup date [Mon May 20 17:51:39 IST 2019]; root of context hierarchy
2019-05-20 17:51:41.216  INFO 48302 --- [       Thread-8] o.s.w.c.s.GenericWebApplicationContext   : Closing org.springframework.web.context.support.GenericWebApplicationContext@58e7f930: startup date [Mon May 20 17:51:38 IST 2019]; root of context hierarchy
2019-05-20 17:51:41.217  INFO 48302 --- [       Thread-6] o.s.w.c.s.GenericWebApplicationContext   : Closing org.springframework.web.context.support.GenericWebApplicationContext@4b61e97: startup date [Mon May 20 17:51:36 IST 2019]; root of context hierarchy
2019-05-20 17:51:41.218  INFO 48302 --- [       Thread-4] ConfigServletWebServerApplicationContext : Closing org.springframework.boot.web.servlet.context.AnnotationConfigServletWebServerApplicationContext@6440112d: startup date [Mon May 20 17:51:30 IST 2019]; root of context hierarchy
2019-05-20 17:51:41.220  INFO 48302 --- [      Thread-10] o.s.c.support.DefaultLifecycleProcessor  : Stopping beans in phase 2147483647
2019-05-20 17:51:41.220  INFO 48302 --- [       Thread-6] o.s.c.support.DefaultLifecycleProcessor  : Stopping beans in phase 2147483647
2019-05-20 17:51:41.220  INFO 48302 --- [       Thread-8] o.s.c.support.DefaultLifecycleProcessor  : Stopping beans in phase 2147483647
2019-05-20 17:51:41.220  INFO 48302 --- [       Thread-4] o.s.c.support.DefaultLifecycleProcessor  : Stopping beans in phase 2147483647
2019-05-20 17:51:41.232  INFO 48302 --- [       Thread-6] j.LocalContainerEntityManagerFactoryBean : Closing JPA EntityManagerFactory for persistence unit 'default'
2019-05-20 17:51:41.232  INFO 48302 --- [      Thread-10] j.LocalContainerEntityManagerFactoryBean : Closing JPA EntityManagerFactory for persistence unit 'default'
2019-05-20 17:51:41.232  INFO 48302 --- [       Thread-4] j.LocalContainerEntityManagerFactoryBean : Closing JPA EntityManagerFactory for persistence unit 'default'
2019-05-20 17:51:41.232  INFO 48302 --- [       Thread-8] j.LocalContainerEntityManagerFactoryBean : Closing JPA EntityManagerFactory for persistence unit 'default'
2019-05-20 17:51:41.233  INFO 48302 --- [       Thread-8] com.zaxxer.hikari.HikariDataSource       : HikariPool-3 - Shutdown initiated...
2019-05-20 17:51:41.233  INFO 48302 --- [       Thread-6] com.zaxxer.hikari.HikariDataSource       : HikariPool-2 - Shutdown initiated...
2019-05-20 17:51:41.233  INFO 48302 --- [       Thread-4] com.zaxxer.hikari.HikariDataSource       : HikariPool-1 - Shutdown initiated...
2019-05-20 17:51:41.234  INFO 48302 --- [      Thread-10] com.zaxxer.hikari.HikariDataSource       : HikariPool-4 - Shutdown initiated...
2019-05-20 17:51:41.238  INFO 48302 --- [       Thread-4] com.zaxxer.hikari.HikariDataSource       : HikariPool-1 - Shutdown completed.
2019-05-20 17:51:41.241  INFO 48302 --- [       Thread-8] com.zaxxer.hikari.HikariDataSource       : HikariPool-3 - Shutdown completed.
2019-05-20 17:51:41.242  INFO 48302 --- [      Thread-10] com.zaxxer.hikari.HikariDataSource       : HikariPool-4 - Shutdown completed.
2019-05-20 17:51:41.242  INFO 48302 --- [       Thread-6] com.zaxxer.hikari.HikariDataSource       : HikariPool-2 - Shutdown completed.
[INFO] 
[INFO] Results:
[INFO] 
[ERROR] Errors: 
[ERROR]   CourseControllerTest.addCoursesTest » UnsatisfiedDependency Error creating bea...
[ERROR]   CourseControllerTest.getCoursesTest » UnsatisfiedDependency Error creating bea...
[ERROR]   StudentControllerTest.registerTest » UnsatisfiedDependency Error creating bean...
[ERROR]   StudentControllerTest.unregisterTest » UnsatisfiedDependency Error creating be...
[ERROR]   StudentControllerTest.viewRegistrationTest » UnsatisfiedDependency Error creat...
[ERROR]   CourseIntegrationTest.addCourseTest » UnsatisfiedDependency Error creating bea...
[ERROR]   CourseIntegrationTest.viewCoursesTest » UnsatisfiedDependency Error creating b...
[ERROR]   StudentIntegrationTest.registerTest » UnsatisfiedDependency Error creating bea...
[ERROR]   StudentIntegrationTest.unregisterTest » UnsatisfiedDependency Error creating b...
[INFO] 
[ERROR] Tests run: 13, Failures: 0, Errors: 9, Skipped: 0
[INFO] 
[INFO] ------------------------------------------------------------------------
[INFO] BUILD FAILURE
[INFO] ------------------------------------------------------------------------
[INFO] Total time: 16.023 s
[INFO] Finished at: 2019-05-20T17:51:41+05:30
[INFO] ------------------------------------------------------------------------
[ERROR] Failed to execute goal org.apache.maven.plugins:maven-surefire-plugin:2.22.0:test (default-test) on project course: There are test failures.
[ERROR] 
[ERROR] Please refer to /Users/s0s01ts/Downloads/IDEAWorkspace/course/target/surefire-reports for the individual test results.
[ERROR] Please refer to dump files (if any exist) [date]-jvmRun[N].dump, [date].dumpstream and [date]-jvmRun[N].dumpstream.
[ERROR] -> [Help 1]
[ERROR] 
[ERROR] To see the full stack trace of the errors, re-run Maven with the -e switch.
[ERROR] Re-run Maven using the -X switch to enable full debug logging.
[ERROR] 
[ERROR] For more information about the errors and possible solutions, please read the following articles:
[ERROR] [Help 1] http://cwiki.apache.org/confluence/display/MAVEN/MojoFailureException
